INFO - 2024-10-09 00:17:36 --> Session: Class initialized using 'CodeIgniter\Session\Handlers\FileHandler' driver.
INFO - 2024-10-09 00:17:46 --> Session: Class initialized using 'CodeIgniter\Session\Handlers\FileHandler' driver.
INFO - 2024-10-09 00:17:50 --> Session: Class initialized using 'CodeIgniter\Session\Handlers\FileHandler' driver.
INFO - 2024-10-09 00:18:02 --> Session: Class initialized using 'CodeIgniter\Session\Handlers\FileHandler' driver.
INFO - 2024-10-09 00:19:45 --> Session: Class initialized using 'CodeIgniter\Session\Handlers\FileHandler' driver.
INFO - 2024-10-09 00:44:24 --> Session: Class initialized using 'CodeIgniter\Session\Handlers\FileHandler' driver.
INFO - 2024-10-09 00:53:55 --> Session: Class initialized using 'CodeIgniter\Session\Handlers\FileHandler' driver.
INFO - 2024-10-09 00:53:57 --> Session: Class initialized using 'CodeIgniter\Session\Handlers\FileHandler' driver.
INFO - 2024-10-09 00:53:57 --> Session: Class initialized using 'CodeIgniter\Session\Handlers\FileHandler' driver.
INFO - 2024-10-09 00:54:00 --> Session: Class initialized using 'CodeIgniter\Session\Handlers\FileHandler' driver.
INFO - 2024-10-09 00:54:01 --> Session: Class initialized using 'CodeIgniter\Session\Handlers\FileHandler' driver.
INFO - 2024-10-09 01:00:12 --> Session: Class initialized using 'CodeIgniter\Session\Handlers\FileHandler' driver.
INFO - 2024-10-09 01:00:53 --> Session: Class initialized using 'CodeIgniter\Session\Handlers\FileHandler' driver.
INFO - 2024-10-09 01:01:15 --> Session: Class initialized using 'CodeIgniter\Session\Handlers\FileHandler' driver.
INFO - 2024-10-09 01:01:15 --> Session: Class initialized using 'CodeIgniter\Session\Handlers\FileHandler' driver.
INFO - 2024-10-09 01:03:30 --> Session: Class initialized using 'CodeIgniter\Session\Handlers\FileHandler' driver.
INFO - 2024-10-09 01:03:30 --> Session: Class initialized using 'CodeIgniter\Session\Handlers\FileHandler' driver.
INFO - 2024-10-09 01:03:31 --> Session: Class initialized using 'CodeIgniter\Session\Handlers\FileHandler' driver.
WARNING - 2024-10-09 01:18:53 --> [DEPRECATED] password_verify(): Passing null to parameter #2 ($hash) of type string is deprecated in APPPATH\Controllers\Login.php on line 29.
 1 APPPATH\Controllers\Login.php(29): password_verify('.', null)
 2 SYSTEMPATH\CodeIgniter.php(933): App\Controllers\Login->create()
 3 SYSTEMPATH\CodeIgniter.php(509): CodeIgniter\CodeIgniter->runController(Object(App\Controllers\Login))
 4 SYSTEMPATH\CodeIgniter.php(355): CodeIgniter\CodeIgniter->handleRequest(null, Object(Config\Cache), false)
 5 SYSTEMPATH\Boot.php(325): CodeIgniter\CodeIgniter->run()
 6 SYSTEMPATH\Boot.php(67): CodeIgniter\Boot::runCodeIgniter(Object(CodeIgniter\CodeIgniter))
 7 FCPATH\index.php(56): CodeIgniter\Boot::bootWeb(Object(Config\Paths))
INFO - 2024-10-09 01:18:53 --> Session: Class initialized using 'CodeIgniter\Session\Handlers\FileHandler' driver.
INFO - 2024-10-09 01:18:53 --> Session: Class initialized using 'CodeIgniter\Session\Handlers\FileHandler' driver.
WARNING - 2024-10-09 01:21:02 --> [DEPRECATED] password_verify(): Passing null to parameter #2 ($hash) of type string is deprecated in APPPATH\Controllers\Login.php on line 29.
 1 APPPATH\Controllers\Login.php(29): password_verify('$2y$10$CcufUNXWRUsF1XMFIasMt.gwRaBxYzn/ArxMojnBxBVYABWTGFPdm', null)
 2 SYSTEMPATH\CodeIgniter.php(933): App\Controllers\Login->create()
 3 SYSTEMPATH\CodeIgniter.php(509): CodeIgniter\CodeIgniter->runController(Object(App\Controllers\Login))
 4 SYSTEMPATH\CodeIgniter.php(355): CodeIgniter\CodeIgniter->handleRequest(null, Object(Config\Cache), false)
 5 SYSTEMPATH\Boot.php(325): CodeIgniter\CodeIgniter->run()
 6 SYSTEMPATH\Boot.php(67): CodeIgniter\Boot::runCodeIgniter(Object(CodeIgniter\CodeIgniter))
 7 FCPATH\index.php(56): CodeIgniter\Boot::bootWeb(Object(Config\Paths))
INFO - 2024-10-09 01:21:02 --> Session: Class initialized using 'CodeIgniter\Session\Handlers\FileHandler' driver.
INFO - 2024-10-09 01:21:02 --> Session: Class initialized using 'CodeIgniter\Session\Handlers\FileHandler' driver.
INFO - 2024-10-09 01:21:09 --> Session: Class initialized using 'CodeIgniter\Session\Handlers\FileHandler' driver.
INFO - 2024-10-09 01:21:12 --> Session: Class initialized using 'CodeIgniter\Session\Handlers\FileHandler' driver.
INFO - 2024-10-09 01:21:14 --> Session: Class initialized using 'CodeIgniter\Session\Handlers\FileHandler' driver.
INFO - 2024-10-09 01:21:15 --> Session: Class initialized using 'CodeIgniter\Session\Handlers\FileHandler' driver.
INFO - 2024-10-09 01:21:16 --> Session: Class initialized using 'CodeIgniter\Session\Handlers\FileHandler' driver.
INFO - 2024-10-09 01:21:18 --> Session: Class initialized using 'CodeIgniter\Session\Handlers\FileHandler' driver.
INFO - 2024-10-09 01:21:19 --> Session: Class initialized using 'CodeIgniter\Session\Handlers\FileHandler' driver.
INFO - 2024-10-09 01:21:22 --> Session: Class initialized using 'CodeIgniter\Session\Handlers\FileHandler' driver.
INFO - 2024-10-09 01:22:29 --> Session: Class initialized using 'CodeIgniter\Session\Handlers\FileHandler' driver.
INFO - 2024-10-09 01:22:33 --> Session: Class initialized using 'CodeIgniter\Session\Handlers\FileHandler' driver.
INFO - 2024-10-09 01:22:34 --> Session: Class initialized using 'CodeIgniter\Session\Handlers\FileHandler' driver.
INFO - 2024-10-09 01:22:36 --> Session: Class initialized using 'CodeIgniter\Session\Handlers\FileHandler' driver.
WARNING - 2024-10-09 01:22:51 --> [DEPRECATED] password_verify(): Passing null to parameter #2 ($hash) of type string is deprecated in APPPATH\Controllers\Login.php on line 29.
 1 APPPATH\Controllers\Login.php(29): password_verify('holamundoxd', null)
 2 SYSTEMPATH\CodeIgniter.php(933): App\Controllers\Login->create()
 3 SYSTEMPATH\CodeIgniter.php(509): CodeIgniter\CodeIgniter->runController(Object(App\Controllers\Login))
 4 SYSTEMPATH\CodeIgniter.php(355): CodeIgniter\CodeIgniter->handleRequest(null, Object(Config\Cache), false)
 5 SYSTEMPATH\Boot.php(325): CodeIgniter\CodeIgniter->run()
 6 SYSTEMPATH\Boot.php(67): CodeIgniter\Boot::runCodeIgniter(Object(CodeIgniter\CodeIgniter))
 7 FCPATH\index.php(56): CodeIgniter\Boot::bootWeb(Object(Config\Paths))
INFO - 2024-10-09 01:22:51 --> Session: Class initialized using 'CodeIgniter\Session\Handlers\FileHandler' driver.
INFO - 2024-10-09 01:22:51 --> Session: Class initialized using 'CodeIgniter\Session\Handlers\FileHandler' driver.
WARNING - 2024-10-09 01:23:14 --> [DEPRECATED] password_verify(): Passing null to parameter #2 ($hash) of type string is deprecated in APPPATH\Controllers\Login.php on line 29.
 1 APPPATH\Controllers\Login.php(29): password_verify('holamundoxd', null)
 2 SYSTEMPATH\CodeIgniter.php(933): App\Controllers\Login->create()
 3 SYSTEMPATH\CodeIgniter.php(509): CodeIgniter\CodeIgniter->runController(Object(App\Controllers\Login))
 4 SYSTEMPATH\CodeIgniter.php(355): CodeIgniter\CodeIgniter->handleRequest(null, Object(Config\Cache), false)
 5 SYSTEMPATH\Boot.php(325): CodeIgniter\CodeIgniter->run()
 6 SYSTEMPATH\Boot.php(67): CodeIgniter\Boot::runCodeIgniter(Object(CodeIgniter\CodeIgniter))
 7 FCPATH\index.php(56): CodeIgniter\Boot::bootWeb(Object(Config\Paths))
INFO - 2024-10-09 01:23:15 --> Session: Class initialized using 'CodeIgniter\Session\Handlers\FileHandler' driver.
INFO - 2024-10-09 01:23:15 --> Session: Class initialized using 'CodeIgniter\Session\Handlers\FileHandler' driver.
WARNING - 2024-10-09 01:24:06 --> [DEPRECATED] password_verify(): Passing null to parameter #2 ($hash) of type string is deprecated in APPPATH\Controllers\Login.php on line 29.
 1 APPPATH\Controllers\Login.php(29): password_verify('holamundoxd', null)
 2 SYSTEMPATH\CodeIgniter.php(933): App\Controllers\Login->create()
 3 SYSTEMPATH\CodeIgniter.php(509): CodeIgniter\CodeIgniter->runController(Object(App\Controllers\Login))
 4 SYSTEMPATH\CodeIgniter.php(355): CodeIgniter\CodeIgniter->handleRequest(null, Object(Config\Cache), false)
 5 SYSTEMPATH\Boot.php(325): CodeIgniter\CodeIgniter->run()
 6 SYSTEMPATH\Boot.php(67): CodeIgniter\Boot::runCodeIgniter(Object(CodeIgniter\CodeIgniter))
 7 FCPATH\index.php(56): CodeIgniter\Boot::bootWeb(Object(Config\Paths))
INFO - 2024-10-09 01:24:06 --> Session: Class initialized using 'CodeIgniter\Session\Handlers\FileHandler' driver.
INFO - 2024-10-09 01:24:06 --> Session: Class initialized using 'CodeIgniter\Session\Handlers\FileHandler' driver.
INFO - 2024-10-09 01:24:08 --> Session: Class initialized using 'CodeIgniter\Session\Handlers\FileHandler' driver.
WARNING - 2024-10-09 01:24:43 --> [DEPRECATED] password_verify(): Passing null to parameter #2 ($hash) of type string is deprecated in APPPATH\Controllers\Login.php on line 29.
 1 APPPATH\Controllers\Login.php(29): password_verify('holamundoxd', null)
 2 SYSTEMPATH\CodeIgniter.php(933): App\Controllers\Login->create()
 3 SYSTEMPATH\CodeIgniter.php(509): CodeIgniter\CodeIgniter->runController(Object(App\Controllers\Login))
 4 SYSTEMPATH\CodeIgniter.php(355): CodeIgniter\CodeIgniter->handleRequest(null, Object(Config\Cache), false)
 5 SYSTEMPATH\Boot.php(325): CodeIgniter\CodeIgniter->run()
 6 SYSTEMPATH\Boot.php(67): CodeIgniter\Boot::runCodeIgniter(Object(CodeIgniter\CodeIgniter))
 7 FCPATH\index.php(56): CodeIgniter\Boot::bootWeb(Object(Config\Paths))
INFO - 2024-10-09 01:24:43 --> Session: Class initialized using 'CodeIgniter\Session\Handlers\FileHandler' driver.
INFO - 2024-10-09 01:24:43 --> Session: Class initialized using 'CodeIgniter\Session\Handlers\FileHandler' driver.
INFO - 2024-10-09 01:24:46 --> Session: Class initialized using 'CodeIgniter\Session\Handlers\FileHandler' driver.
WARNING - 2024-10-09 01:24:59 --> [DEPRECATED] password_verify(): Passing null to parameter #2 ($hash) of type string is deprecated in APPPATH\Controllers\Login.php on line 29.
 1 APPPATH\Controllers\Login.php(29): password_verify('holamundoxd', null)
 2 SYSTEMPATH\CodeIgniter.php(933): App\Controllers\Login->create()
 3 SYSTEMPATH\CodeIgniter.php(509): CodeIgniter\CodeIgniter->runController(Object(App\Controllers\Login))
 4 SYSTEMPATH\CodeIgniter.php(355): CodeIgniter\CodeIgniter->handleRequest(null, Object(Config\Cache), false)
 5 SYSTEMPATH\Boot.php(325): CodeIgniter\CodeIgniter->run()
 6 SYSTEMPATH\Boot.php(67): CodeIgniter\Boot::runCodeIgniter(Object(CodeIgniter\CodeIgniter))
 7 FCPATH\index.php(56): CodeIgniter\Boot::bootWeb(Object(Config\Paths))
INFO - 2024-10-09 01:24:59 --> Session: Class initialized using 'CodeIgniter\Session\Handlers\FileHandler' driver.
INFO - 2024-10-09 01:25:00 --> Session: Class initialized using 'CodeIgniter\Session\Handlers\FileHandler' driver.
INFO - 2024-10-09 01:25:03 --> Session: Class initialized using 'CodeIgniter\Session\Handlers\FileHandler' driver.
INFO - 2024-10-09 01:25:04 --> Session: Class initialized using 'CodeIgniter\Session\Handlers\FileHandler' driver.
INFO - 2024-10-09 01:25:06 --> Session: Class initialized using 'CodeIgniter\Session\Handlers\FileHandler' driver.
INFO - 2024-10-09 01:25:07 --> Session: Class initialized using 'CodeIgniter\Session\Handlers\FileHandler' driver.
INFO - 2024-10-09 01:25:08 --> Session: Class initialized using 'CodeIgniter\Session\Handlers\FileHandler' driver.
INFO - 2024-10-09 01:25:10 --> Session: Class initialized using 'CodeIgniter\Session\Handlers\FileHandler' driver.
INFO - 2024-10-09 01:25:23 --> Session: Class initialized using 'CodeIgniter\Session\Handlers\FileHandler' driver.
INFO - 2024-10-09 01:25:27 --> Session: Class initialized using 'CodeIgniter\Session\Handlers\FileHandler' driver.
INFO - 2024-10-09 01:25:28 --> Session: Class initialized using 'CodeIgniter\Session\Handlers\FileHandler' driver.
INFO - 2024-10-09 01:25:46 --> Session: Class initialized using 'CodeIgniter\Session\Handlers\FileHandler' driver.
INFO - 2024-10-09 01:25:46 --> Session: Class initialized using 'CodeIgniter\Session\Handlers\FileHandler' driver.
INFO - 2024-10-09 01:26:09 --> Session: Class initialized using 'CodeIgniter\Session\Handlers\FileHandler' driver.
INFO - 2024-10-09 01:26:09 --> Session: Class initialized using 'CodeIgniter\Session\Handlers\FileHandler' driver.
INFO - 2024-10-09 01:26:28 --> Session: Class initialized using 'CodeIgniter\Session\Handlers\FileHandler' driver.
INFO - 2024-10-09 01:26:31 --> Session: Class initialized using 'CodeIgniter\Session\Handlers\FileHandler' driver.
INFO - 2024-10-09 01:26:32 --> Session: Class initialized using 'CodeIgniter\Session\Handlers\FileHandler' driver.
INFO - 2024-10-09 01:26:34 --> Session: Class initialized using 'CodeIgniter\Session\Handlers\FileHandler' driver.
INFO - 2024-10-09 01:26:36 --> Session: Class initialized using 'CodeIgniter\Session\Handlers\FileHandler' driver.
WARNING - 2024-10-09 01:26:46 --> [DEPRECATED] password_verify(): Passing null to parameter #2 ($hash) of type string is deprecated in APPPATH\Controllers\Login.php on line 29.
 1 APPPATH\Controllers\Login.php(29): password_verify('12345678', null)
 2 SYSTEMPATH\CodeIgniter.php(933): App\Controllers\Login->create()
 3 SYSTEMPATH\CodeIgniter.php(509): CodeIgniter\CodeIgniter->runController(Object(App\Controllers\Login))
 4 SYSTEMPATH\CodeIgniter.php(355): CodeIgniter\CodeIgniter->handleRequest(null, Object(Config\Cache), false)
 5 SYSTEMPATH\Boot.php(325): CodeIgniter\CodeIgniter->run()
 6 SYSTEMPATH\Boot.php(67): CodeIgniter\Boot::runCodeIgniter(Object(CodeIgniter\CodeIgniter))
 7 FCPATH\index.php(56): CodeIgniter\Boot::bootWeb(Object(Config\Paths))
INFO - 2024-10-09 01:26:46 --> Session: Class initialized using 'CodeIgniter\Session\Handlers\FileHandler' driver.
INFO - 2024-10-09 01:26:47 --> Session: Class initialized using 'CodeIgniter\Session\Handlers\FileHandler' driver.
WARNING - 2024-10-09 01:27:57 --> [DEPRECATED] password_verify(): Passing null to parameter #2 ($hash) of type string is deprecated in APPPATH\Controllers\Login.php on line 29.
 1 APPPATH\Controllers\Login.php(29): password_verify('12345678', null)
 2 SYSTEMPATH\CodeIgniter.php(933): App\Controllers\Login->create()
 3 SYSTEMPATH\CodeIgniter.php(509): CodeIgniter\CodeIgniter->runController(Object(App\Controllers\Login))
 4 SYSTEMPATH\CodeIgniter.php(355): CodeIgniter\CodeIgniter->handleRequest(null, Object(Config\Cache), false)
 5 SYSTEMPATH\Boot.php(325): CodeIgniter\CodeIgniter->run()
 6 SYSTEMPATH\Boot.php(67): CodeIgniter\Boot::runCodeIgniter(Object(CodeIgniter\CodeIgniter))
 7 FCPATH\index.php(56): CodeIgniter\Boot::bootWeb(Object(Config\Paths))
INFO - 2024-10-09 01:27:57 --> Session: Class initialized using 'CodeIgniter\Session\Handlers\FileHandler' driver.
INFO - 2024-10-09 01:27:57 --> Session: Class initialized using 'CodeIgniter\Session\Handlers\FileHandler' driver.
WARNING - 2024-10-09 01:28:11 --> [DEPRECATED] password_verify(): Passing null to parameter #2 ($hash) of type string is deprecated in APPPATH\Controllers\Login.php on line 29.
 1 APPPATH\Controllers\Login.php(29): password_verify('1728458646', null)
 2 SYSTEMPATH\CodeIgniter.php(933): App\Controllers\Login->create()
 3 SYSTEMPATH\CodeIgniter.php(509): CodeIgniter\CodeIgniter->runController(Object(App\Controllers\Login))
 4 SYSTEMPATH\CodeIgniter.php(355): CodeIgniter\CodeIgniter->handleRequest(null, Object(Config\Cache), false)
 5 SYSTEMPATH\Boot.php(325): CodeIgniter\CodeIgniter->run()
 6 SYSTEMPATH\Boot.php(67): CodeIgniter\Boot::runCodeIgniter(Object(CodeIgniter\CodeIgniter))
 7 FCPATH\index.php(56): CodeIgniter\Boot::bootWeb(Object(Config\Paths))
INFO - 2024-10-09 01:28:11 --> Session: Class initialized using 'CodeIgniter\Session\Handlers\FileHandler' driver.
INFO - 2024-10-09 01:28:12 --> Session: Class initialized using 'CodeIgniter\Session\Handlers\FileHandler' driver.
WARNING - 2024-10-09 01:28:36 --> [DEPRECATED] password_verify(): Passing null to parameter #2 ($hash) of type string is deprecated in APPPATH\Controllers\Login.php on line 29.
 1 APPPATH\Controllers\Login.php(29): password_verify('$2y$10$T6dON8LUwo4JmcbYcGlTIu8mW4owDqFadjGtppsrrEmIVJVqKpGZG', null)
 2 SYSTEMPATH\CodeIgniter.php(933): App\Controllers\Login->create()
 3 SYSTEMPATH\CodeIgniter.php(509): CodeIgniter\CodeIgniter->runController(Object(App\Controllers\Login))
 4 SYSTEMPATH\CodeIgniter.php(355): CodeIgniter\CodeIgniter->handleRequest(null, Object(Config\Cache), false)
 5 SYSTEMPATH\Boot.php(325): CodeIgniter\CodeIgniter->run()
 6 SYSTEMPATH\Boot.php(67): CodeIgniter\Boot::runCodeIgniter(Object(CodeIgniter\CodeIgniter))
 7 FCPATH\index.php(56): CodeIgniter\Boot::bootWeb(Object(Config\Paths))
INFO - 2024-10-09 01:28:36 --> Session: Class initialized using 'CodeIgniter\Session\Handlers\FileHandler' driver.
INFO - 2024-10-09 01:28:37 --> Session: Class initialized using 'CodeIgniter\Session\Handlers\FileHandler' driver.
WARNING - 2024-10-09 01:28:53 --> [DEPRECATED] password_verify(): Passing null to parameter #2 ($hash) of type string is deprecated in APPPATH\Controllers\Login.php on line 29.
 1 APPPATH\Controllers\Login.php(29): password_verify('jijijiji', null)
 2 SYSTEMPATH\CodeIgniter.php(933): App\Controllers\Login->create()
 3 SYSTEMPATH\CodeIgniter.php(509): CodeIgniter\CodeIgniter->runController(Object(App\Controllers\Login))
 4 SYSTEMPATH\CodeIgniter.php(355): CodeIgniter\CodeIgniter->handleRequest(null, Object(Config\Cache), false)
 5 SYSTEMPATH\Boot.php(325): CodeIgniter\CodeIgniter->run()
 6 SYSTEMPATH\Boot.php(67): CodeIgniter\Boot::runCodeIgniter(Object(CodeIgniter\CodeIgniter))
 7 FCPATH\index.php(56): CodeIgniter\Boot::bootWeb(Object(Config\Paths))
INFO - 2024-10-09 01:28:53 --> Session: Class initialized using 'CodeIgniter\Session\Handlers\FileHandler' driver.
INFO - 2024-10-09 01:28:53 --> Session: Class initialized using 'CodeIgniter\Session\Handlers\FileHandler' driver.
WARNING - 2024-10-09 01:29:10 --> [DEPRECATED] password_verify(): Passing null to parameter #2 ($hash) of type string is deprecated in APPPATH\Controllers\Login.php on line 29.
 1 APPPATH\Controllers\Login.php(29): password_verify('12345678', null)
 2 SYSTEMPATH\CodeIgniter.php(933): App\Controllers\Login->create()
 3 SYSTEMPATH\CodeIgniter.php(509): CodeIgniter\CodeIgniter->runController(Object(App\Controllers\Login))
 4 SYSTEMPATH\CodeIgniter.php(355): CodeIgniter\CodeIgniter->handleRequest(null, Object(Config\Cache), false)
 5 SYSTEMPATH\Boot.php(325): CodeIgniter\CodeIgniter->run()
 6 SYSTEMPATH\Boot.php(67): CodeIgniter\Boot::runCodeIgniter(Object(CodeIgniter\CodeIgniter))
 7 FCPATH\index.php(56): CodeIgniter\Boot::bootWeb(Object(Config\Paths))
INFO - 2024-10-09 01:29:10 --> Session: Class initialized using 'CodeIgniter\Session\Handlers\FileHandler' driver.
INFO - 2024-10-09 01:29:10 --> Session: Class initialized using 'CodeIgniter\Session\Handlers\FileHandler' driver.
INFO - 2024-10-09 01:44:12 --> Session: Class initialized using 'CodeIgniter\Session\Handlers\FileHandler' driver.
WARNING - 2024-10-09 01:44:27 --> [DEPRECATED] password_verify(): Passing null to parameter #2 ($hash) of type string is deprecated in APPPATH\Controllers\Login.php on line 29.
 1 APPPATH\Controllers\Login.php(29): password_verify('12345678', null)
 2 SYSTEMPATH\CodeIgniter.php(933): App\Controllers\Login->create()
 3 SYSTEMPATH\CodeIgniter.php(509): CodeIgniter\CodeIgniter->runController(Object(App\Controllers\Login))
 4 SYSTEMPATH\CodeIgniter.php(355): CodeIgniter\CodeIgniter->handleRequest(null, Object(Config\Cache), false)
 5 SYSTEMPATH\Boot.php(325): CodeIgniter\CodeIgniter->run()
 6 SYSTEMPATH\Boot.php(67): CodeIgniter\Boot::runCodeIgniter(Object(CodeIgniter\CodeIgniter))
 7 FCPATH\index.php(56): CodeIgniter\Boot::bootWeb(Object(Config\Paths))
INFO - 2024-10-09 01:44:27 --> Session: Class initialized using 'CodeIgniter\Session\Handlers\FileHandler' driver.
INFO - 2024-10-09 01:44:28 --> Session: Class initialized using 'CodeIgniter\Session\Handlers\FileHandler' driver.
WARNING - 2024-10-09 01:47:16 --> [DEPRECATED] password_verify(): Passing null to parameter #2 ($hash) of type string is deprecated in APPPATH\Controllers\Login.php on line 29.
 1 APPPATH\Controllers\Login.php(29): password_verify('joselinee3456', null)
 2 SYSTEMPATH\CodeIgniter.php(933): App\Controllers\Login->create()
 3 SYSTEMPATH\CodeIgniter.php(509): CodeIgniter\CodeIgniter->runController(Object(App\Controllers\Login))
 4 SYSTEMPATH\CodeIgniter.php(355): CodeIgniter\CodeIgniter->handleRequest(null, Object(Config\Cache), false)
 5 SYSTEMPATH\Boot.php(325): CodeIgniter\CodeIgniter->run()
 6 SYSTEMPATH\Boot.php(67): CodeIgniter\Boot::runCodeIgniter(Object(CodeIgniter\CodeIgniter))
 7 FCPATH\index.php(56): CodeIgniter\Boot::bootWeb(Object(Config\Paths))
INFO - 2024-10-09 01:47:16 --> Session: Class initialized using 'CodeIgniter\Session\Handlers\FileHandler' driver.
INFO - 2024-10-09 01:47:17 --> Session: Class initialized using 'CodeIgniter\Session\Handlers\FileHandler' driver.
WARNING - 2024-10-09 01:47:32 --> [DEPRECATED] password_verify(): Passing null to parameter #2 ($hash) of type string is deprecated in APPPATH\Controllers\Login.php on line 29.
 1 APPPATH\Controllers\Login.php(29): password_verify('joselinee3456', null)
 2 SYSTEMPATH\CodeIgniter.php(933): App\Controllers\Login->create()
 3 SYSTEMPATH\CodeIgniter.php(509): CodeIgniter\CodeIgniter->runController(Object(App\Controllers\Login))
 4 SYSTEMPATH\CodeIgniter.php(355): CodeIgniter\CodeIgniter->handleRequest(null, Object(Config\Cache), false)
 5 SYSTEMPATH\Boot.php(325): CodeIgniter\CodeIgniter->run()
 6 SYSTEMPATH\Boot.php(67): CodeIgniter\Boot::runCodeIgniter(Object(CodeIgniter\CodeIgniter))
 7 FCPATH\index.php(56): CodeIgniter\Boot::bootWeb(Object(Config\Paths))
INFO - 2024-10-09 01:47:32 --> Session: Class initialized using 'CodeIgniter\Session\Handlers\FileHandler' driver.
INFO - 2024-10-09 01:47:32 --> Session: Class initialized using 'CodeIgniter\Session\Handlers\FileHandler' driver.
INFO - 2024-10-09 01:55:56 --> Session: Class initialized using 'CodeIgniter\Session\Handlers\FileHandler' driver.
INFO - 2024-10-09 01:56:00 --> Session: Class initialized using 'CodeIgniter\Session\Handlers\FileHandler' driver.
INFO - 2024-10-09 01:56:24 --> Session: Class initialized using 'CodeIgniter\Session\Handlers\FileHandler' driver.
INFO - 2024-10-09 01:56:25 --> Session: Class initialized using 'CodeIgniter\Session\Handlers\FileHandler' driver.
INFO - 2024-10-09 01:56:42 --> Session: Class initialized using 'CodeIgniter\Session\Handlers\FileHandler' driver.
INFO - 2024-10-09 01:56:43 --> Session: Class initialized using 'CodeIgniter\Session\Handlers\FileHandler' driver.
INFO - 2024-10-09 01:56:45 --> Session: Class initialized using 'CodeIgniter\Session\Handlers\FileHandler' driver.
INFO - 2024-10-09 01:56:46 --> Session: Class initialized using 'CodeIgniter\Session\Handlers\FileHandler' driver.
INFO - 2024-10-09 01:56:48 --> Session: Class initialized using 'CodeIgniter\Session\Handlers\FileHandler' driver.
INFO - 2024-10-09 01:56:50 --> Session: Class initialized using 'CodeIgniter\Session\Handlers\FileHandler' driver.
INFO - 2024-10-09 01:56:51 --> Session: Class initialized using 'CodeIgniter\Session\Handlers\FileHandler' driver.
INFO - 2024-10-09 01:56:52 --> Session: Class initialized using 'CodeIgniter\Session\Handlers\FileHandler' driver.
INFO - 2024-10-09 01:56:54 --> Session: Class initialized using 'CodeIgniter\Session\Handlers\FileHandler' driver.
INFO - 2024-10-09 01:56:56 --> Session: Class initialized using 'CodeIgniter\Session\Handlers\FileHandler' driver.
INFO - 2024-10-09 01:56:58 --> Session: Class initialized using 'CodeIgniter\Session\Handlers\FileHandler' driver.
INFO - 2024-10-09 01:57:00 --> Session: Class initialized using 'CodeIgniter\Session\Handlers\FileHandler' driver.
INFO - 2024-10-09 01:57:04 --> Session: Class initialized using 'CodeIgniter\Session\Handlers\FileHandler' driver.
INFO - 2024-10-09 01:57:08 --> Session: Class initialized using 'CodeIgniter\Session\Handlers\FileHandler' driver.
INFO - 2024-10-09 01:58:22 --> Session: Class initialized using 'CodeIgniter\Session\Handlers\FileHandler' driver.
INFO - 2024-10-09 01:58:28 --> Session: Class initialized using 'CodeIgniter\Session\Handlers\FileHandler' driver.
INFO - 2024-10-09 01:58:30 --> Session: Class initialized using 'CodeIgniter\Session\Handlers\FileHandler' driver.
INFO - 2024-10-09 01:58:33 --> Session: Class initialized using 'CodeIgniter\Session\Handlers\FileHandler' driver.
INFO - 2024-10-09 01:59:43 --> Session: Class initialized using 'CodeIgniter\Session\Handlers\FileHandler' driver.
INFO - 2024-10-09 02:00:00 --> Session: Class initialized using 'CodeIgniter\Session\Handlers\FileHandler' driver.
INFO - 2024-10-09 02:00:01 --> Session: Class initialized using 'CodeIgniter\Session\Handlers\FileHandler' driver.
INFO - 2024-10-09 02:00:15 --> Session: Class initialized using 'CodeIgniter\Session\Handlers\FileHandler' driver.
INFO - 2024-10-09 02:00:20 --> Session: Class initialized using 'CodeIgniter\Session\Handlers\FileHandler' driver.
INFO - 2024-10-09 02:00:35 --> Session: Class initialized using 'CodeIgniter\Session\Handlers\FileHandler' driver.
INFO - 2024-10-09 02:00:36 --> Session: Class initialized using 'CodeIgniter\Session\Handlers\FileHandler' driver.
INFO - 2024-10-09 02:02:47 --> Session: Class initialized using 'CodeIgniter\Session\Handlers\FileHandler' driver.
INFO - 2024-10-09 02:02:52 --> Session: Class initialized using 'CodeIgniter\Session\Handlers\FileHandler' driver.
INFO - 2024-10-09 02:03:41 --> Session: Class initialized using 'CodeIgniter\Session\Handlers\FileHandler' driver.
INFO - 2024-10-09 02:03:42 --> Session: Class initialized using 'CodeIgniter\Session\Handlers\FileHandler' driver.
INFO - 2024-10-09 02:04:08 --> Session: Class initialized using 'CodeIgniter\Session\Handlers\FileHandler' driver.
INFO - 2024-10-09 02:04:54 --> Session: Class initialized using 'CodeIgniter\Session\Handlers\FileHandler' driver.
INFO - 2024-10-09 02:05:11 --> Session: Class initialized using 'CodeIgniter\Session\Handlers\FileHandler' driver.
INFO - 2024-10-09 02:05:11 --> Session: Class initialized using 'CodeIgniter\Session\Handlers\FileHandler' driver.
INFO - 2024-10-09 02:09:46 --> Session: Class initialized using 'CodeIgniter\Session\Handlers\FileHandler' driver.
INFO - 2024-10-09 02:09:50 --> Session: Class initialized using 'CodeIgniter\Session\Handlers\FileHandler' driver.
INFO - 2024-10-09 02:09:59 --> Session: Class initialized using 'CodeIgniter\Session\Handlers\FileHandler' driver.
INFO - 2024-10-09 02:10:06 --> Session: Class initialized using 'CodeIgniter\Session\Handlers\FileHandler' driver.
INFO - 2024-10-09 02:10:10 --> Session: Class initialized using 'CodeIgniter\Session\Handlers\FileHandler' driver.
INFO - 2024-10-09 02:10:50 --> Session: Class initialized using 'CodeIgniter\Session\Handlers\FileHandler' driver.
INFO - 2024-10-09 02:10:54 --> Session: Class initialized using 'CodeIgniter\Session\Handlers\FileHandler' driver.
INFO - 2024-10-09 02:10:56 --> Session: Class initialized using 'CodeIgniter\Session\Handlers\FileHandler' driver.
INFO - 2024-10-09 02:10:57 --> Session: Class initialized using 'CodeIgniter\Session\Handlers\FileHandler' driver.
INFO - 2024-10-09 02:11:26 --> User found: App\Entities\USer Object
(
    [datamap:protected] => Array
        (
        )

    [dates:protected] => Array
        (
            [0] => created_at
            [1] => updated_at
            [2] => deleted_at
        )

    [casts:protected] => Array
        (
        )

    [castHandlers:protected] => Array
        (
        )

    [defaultCastHandlers:CodeIgniter\Entity\Entity:private] => Array
        (
            [array] => CodeIgniter\Entity\Cast\ArrayCast
            [bool] => CodeIgniter\Entity\Cast\BooleanCast
            [boolean] => CodeIgniter\Entity\Cast\BooleanCast
            [csv] => CodeIgniter\Entity\Cast\CSVCast
            [datetime] => CodeIgniter\Entity\Cast\DatetimeCast
            [double] => CodeIgniter\Entity\Cast\FloatCast
            [float] => CodeIgniter\Entity\Cast\FloatCast
            [int] => CodeIgniter\Entity\Cast\IntegerCast
            [integer] => CodeIgniter\Entity\Cast\IntegerCast
            [int-bool] => CodeIgniter\Entity\Cast\IntBoolCast
            [json] => CodeIgniter\Entity\Cast\JsonCast
            [object] => CodeIgniter\Entity\Cast\ObjectCast
            [string] => CodeIgniter\Entity\Cast\StringCast
            [timestamp] => CodeIgniter\Entity\Cast\TimestampCast
            [uri] => CodeIgniter\Entity\Cast\URICast
        )

    [attributes:protected] => Array
        (
            [id] => 22
            [name] => Joselinee33
            [email] => joselinee33@example.com
            [password_hash] => 
            [created_at] => 2024-10-09 02:10:50
            [updated_at] => 2024-10-09 02:10:50
        )

    [original:protected] => Array
        (
            [id] => 22
            [name] => Joselinee33
            [email] => joselinee33@example.com
            [password_hash] => 
            [created_at] => 2024-10-09 02:10:50
            [updated_at] => 2024-10-09 02:10:50
        )

    [dataCaster:protected] => CodeIgniter\DataCaster\DataCaster Object
        (
            [types:CodeIgniter\DataCaster\DataCaster:private] => Array
                (
                )

            [castHandlers:CodeIgniter\DataCaster\DataCaster:private] => Array
                (
                    [array] => CodeIgniter\Entity\Cast\ArrayCast
                    [bool] => CodeIgniter\Entity\Cast\BooleanCast
                    [boolean] => CodeIgniter\Entity\Cast\BooleanCast
                    [csv] => CodeIgniter\Entity\Cast\CSVCast
                    [datetime] => CodeIgniter\Entity\Cast\DatetimeCast
                    [double] => CodeIgniter\Entity\Cast\FloatCast
                    [float] => CodeIgniter\Entity\Cast\FloatCast
                    [int] => CodeIgniter\Entity\Cast\IntegerCast
                    [integer] => CodeIgniter\Entity\Cast\IntegerCast
                    [int-bool] => CodeIgniter\Entity\Cast\IntBoolCast
                    [json] => CodeIgniter\Entity\Cast\JsonCast
                    [timestamp] => CodeIgniter\Entity\Cast\TimestampCast
                    [uri] => CodeIgniter\Entity\Cast\URICast
                    [object] => CodeIgniter\Entity\Cast\ObjectCast
                    [string] => CodeIgniter\Entity\Cast\StringCast
                )

            [helper:CodeIgniter\DataCaster\DataCaster:private] => 
            [strict:CodeIgniter\DataCaster\DataCaster:private] => 
        )

    [_cast:CodeIgniter\Entity\Entity:private] => 1
)

INFO - 2024-10-09 02:11:26 --> Session: Class initialized using 'CodeIgniter\Session\Handlers\FileHandler' driver.
INFO - 2024-10-09 02:11:27 --> Session: Class initialized using 'CodeIgniter\Session\Handlers\FileHandler' driver.
INFO - 2024-10-09 02:14:16 --> Session: Class initialized using 'CodeIgniter\Session\Handlers\FileHandler' driver.
INFO - 2024-10-09 02:14:54 --> Session: Class initialized using 'CodeIgniter\Session\Handlers\FileHandler' driver.
INFO - 2024-10-09 02:14:57 --> Session: Class initialized using 'CodeIgniter\Session\Handlers\FileHandler' driver.
INFO - 2024-10-09 02:15:24 --> Session: Class initialized using 'CodeIgniter\Session\Handlers\FileHandler' driver.
INFO - 2024-10-09 02:18:42 --> Session: Class initialized using 'CodeIgniter\Session\Handlers\FileHandler' driver.
INFO - 2024-10-09 02:23:16 --> Session: Class initialized using 'CodeIgniter\Session\Handlers\FileHandler' driver.
INFO - 2024-10-09 02:23:33 --> Session: Class initialized using 'CodeIgniter\Session\Handlers\FileHandler' driver.
INFO - 2024-10-09 02:24:05 --> Session: Class initialized using 'CodeIgniter\Session\Handlers\FileHandler' driver.
INFO - 2024-10-09 02:24:26 --> Session: Class initialized using 'CodeIgniter\Session\Handlers\FileHandler' driver.
INFO - 2024-10-09 02:24:27 --> Session: Class initialized using 'CodeIgniter\Session\Handlers\FileHandler' driver.
INFO - 2024-10-09 02:24:28 --> Session: Class initialized using 'CodeIgniter\Session\Handlers\FileHandler' driver.
INFO - 2024-10-09 02:24:40 --> User found: App\Entities\USer Object
(
    [datamap:protected] => Array
        (
        )

    [dates:protected] => Array
        (
            [0] => created_at
            [1] => updated_at
            [2] => deleted_at
        )

    [casts:protected] => Array
        (
        )

    [castHandlers:protected] => Array
        (
        )

    [defaultCastHandlers:CodeIgniter\Entity\Entity:private] => Array
        (
            [array] => CodeIgniter\Entity\Cast\ArrayCast
            [bool] => CodeIgniter\Entity\Cast\BooleanCast
            [boolean] => CodeIgniter\Entity\Cast\BooleanCast
            [csv] => CodeIgniter\Entity\Cast\CSVCast
            [datetime] => CodeIgniter\Entity\Cast\DatetimeCast
            [double] => CodeIgniter\Entity\Cast\FloatCast
            [float] => CodeIgniter\Entity\Cast\FloatCast
            [int] => CodeIgniter\Entity\Cast\IntegerCast
            [integer] => CodeIgniter\Entity\Cast\IntegerCast
            [int-bool] => CodeIgniter\Entity\Cast\IntBoolCast
            [json] => CodeIgniter\Entity\Cast\JsonCast
            [object] => CodeIgniter\Entity\Cast\ObjectCast
            [string] => CodeIgniter\Entity\Cast\StringCast
            [timestamp] => CodeIgniter\Entity\Cast\TimestampCast
            [uri] => CodeIgniter\Entity\Cast\URICast
        )

    [attributes:protected] => Array
        (
            [id] => 24
            [name] => Joselinee33
            [email] => joselinee33@example.com
            [password_hash] => 
            [created_at] => 2024-10-09 02:24:04
            [updated_at] => 2024-10-09 02:24:04
        )

    [original:protected] => Array
        (
            [id] => 24
            [name] => Joselinee33
            [email] => joselinee33@example.com
            [password_hash] => 
            [created_at] => 2024-10-09 02:24:04
            [updated_at] => 2024-10-09 02:24:04
        )

    [dataCaster:protected] => CodeIgniter\DataCaster\DataCaster Object
        (
            [types:CodeIgniter\DataCaster\DataCaster:private] => Array
                (
                )

            [castHandlers:CodeIgniter\DataCaster\DataCaster:private] => Array
                (
                    [array] => CodeIgniter\Entity\Cast\ArrayCast
                    [bool] => CodeIgniter\Entity\Cast\BooleanCast
                    [boolean] => CodeIgniter\Entity\Cast\BooleanCast
                    [csv] => CodeIgniter\Entity\Cast\CSVCast
                    [datetime] => CodeIgniter\Entity\Cast\DatetimeCast
                    [double] => CodeIgniter\Entity\Cast\FloatCast
                    [float] => CodeIgniter\Entity\Cast\FloatCast
                    [int] => CodeIgniter\Entity\Cast\IntegerCast
                    [integer] => CodeIgniter\Entity\Cast\IntegerCast
                    [int-bool] => CodeIgniter\Entity\Cast\IntBoolCast
                    [json] => CodeIgniter\Entity\Cast\JsonCast
                    [timestamp] => CodeIgniter\Entity\Cast\TimestampCast
                    [uri] => CodeIgniter\Entity\Cast\URICast
                    [object] => CodeIgniter\Entity\Cast\ObjectCast
                    [string] => CodeIgniter\Entity\Cast\StringCast
                )

            [helper:CodeIgniter\DataCaster\DataCaster:private] => 
            [strict:CodeIgniter\DataCaster\DataCaster:private] => 
        )

    [_cast:CodeIgniter\Entity\Entity:private] => 1
)

INFO - 2024-10-09 02:24:40 --> Session: Class initialized using 'CodeIgniter\Session\Handlers\FileHandler' driver.
INFO - 2024-10-09 02:24:40 --> Session: Class initialized using 'CodeIgniter\Session\Handlers\FileHandler' driver.
INFO - 2024-10-09 02:34:53 --> Session: Class initialized using 'CodeIgniter\Session\Handlers\FileHandler' driver.
INFO - 2024-10-09 02:54:38 --> Session: Class initialized using 'CodeIgniter\Session\Handlers\FileHandler' driver.
INFO - 2024-10-09 02:55:19 --> Session: Class initialized using 'CodeIgniter\Session\Handlers\FileHandler' driver.
INFO - 2024-10-09 02:55:21 --> Session: Class initialized using 'CodeIgniter\Session\Handlers\FileHandler' driver.
INFO - 2024-10-09 02:55:58 --> Session: Class initialized using 'CodeIgniter\Session\Handlers\FileHandler' driver.
INFO - 2024-10-09 02:56:01 --> Session: Class initialized using 'CodeIgniter\Session\Handlers\FileHandler' driver.
INFO - 2024-10-09 02:56:02 --> Session: Class initialized using 'CodeIgniter\Session\Handlers\FileHandler' driver.
INFO - 2024-10-09 02:56:04 --> Session: Class initialized using 'CodeIgniter\Session\Handlers\FileHandler' driver.
INFO - 2024-10-09 02:56:24 --> Session: Class initialized using 'CodeIgniter\Session\Handlers\FileHandler' driver.
INFO - 2024-10-09 02:56:41 --> User found: App\Entities\USer Object
(
    [datamap:protected] => Array
        (
        )

    [dates:protected] => Array
        (
            [0] => created_at
            [1] => updated_at
            [2] => deleted_at
        )

    [casts:protected] => Array
        (
        )

    [castHandlers:protected] => Array
        (
        )

    [defaultCastHandlers:CodeIgniter\Entity\Entity:private] => Array
        (
            [array] => CodeIgniter\Entity\Cast\ArrayCast
            [bool] => CodeIgniter\Entity\Cast\BooleanCast
            [boolean] => CodeIgniter\Entity\Cast\BooleanCast
            [csv] => CodeIgniter\Entity\Cast\CSVCast
            [datetime] => CodeIgniter\Entity\Cast\DatetimeCast
            [double] => CodeIgniter\Entity\Cast\FloatCast
            [float] => CodeIgniter\Entity\Cast\FloatCast
            [int] => CodeIgniter\Entity\Cast\IntegerCast
            [integer] => CodeIgniter\Entity\Cast\IntegerCast
            [int-bool] => CodeIgniter\Entity\Cast\IntBoolCast
            [json] => CodeIgniter\Entity\Cast\JsonCast
            [object] => CodeIgniter\Entity\Cast\ObjectCast
            [string] => CodeIgniter\Entity\Cast\StringCast
            [timestamp] => CodeIgniter\Entity\Cast\TimestampCast
            [uri] => CodeIgniter\Entity\Cast\URICast
        )

    [attributes:protected] => Array
        (
            [id] => 25
            [name] => pruebaq
            [email] => pruebaq@example.com
            [password_hash] => $2y$10$IWUpeqoRs1jErAz3XPeKC.676qCKxFUXd8uWAhL7QnKT8ryRVfft6
            [created_at] => 2024-10-09 02:55:57
            [updated_at] => 2024-10-09 02:55:57
        )

    [original:protected] => Array
        (
            [id] => 25
            [name] => pruebaq
            [email] => pruebaq@example.com
            [password_hash] => $2y$10$IWUpeqoRs1jErAz3XPeKC.676qCKxFUXd8uWAhL7QnKT8ryRVfft6
            [created_at] => 2024-10-09 02:55:57
            [updated_at] => 2024-10-09 02:55:57
        )

    [dataCaster:protected] => CodeIgniter\DataCaster\DataCaster Object
        (
            [types:CodeIgniter\DataCaster\DataCaster:private] => Array
                (
                )

            [castHandlers:CodeIgniter\DataCaster\DataCaster:private] => Array
                (
                    [array] => CodeIgniter\Entity\Cast\ArrayCast
                    [bool] => CodeIgniter\Entity\Cast\BooleanCast
                    [boolean] => CodeIgniter\Entity\Cast\BooleanCast
                    [csv] => CodeIgniter\Entity\Cast\CSVCast
                    [datetime] => CodeIgniter\Entity\Cast\DatetimeCast
                    [double] => CodeIgniter\Entity\Cast\FloatCast
                    [float] => CodeIgniter\Entity\Cast\FloatCast
                    [int] => CodeIgniter\Entity\Cast\IntegerCast
                    [integer] => CodeIgniter\Entity\Cast\IntegerCast
                    [int-bool] => CodeIgniter\Entity\Cast\IntBoolCast
                    [json] => CodeIgniter\Entity\Cast\JsonCast
                    [timestamp] => CodeIgniter\Entity\Cast\TimestampCast
                    [uri] => CodeIgniter\Entity\Cast\URICast
                    [object] => CodeIgniter\Entity\Cast\ObjectCast
                    [string] => CodeIgniter\Entity\Cast\StringCast
                )

            [helper:CodeIgniter\DataCaster\DataCaster:private] => 
            [strict:CodeIgniter\DataCaster\DataCaster:private] => 
        )

    [_cast:CodeIgniter\Entity\Entity:private] => 1
)

INFO - 2024-10-09 02:56:41 --> Session: Class initialized using 'CodeIgniter\Session\Handlers\FileHandler' driver.
INFO - 2024-10-09 02:56:42 --> Session: Class initialized using 'CodeIgniter\Session\Handlers\FileHandler' driver.
INFO - 2024-10-09 02:56:50 --> Session: Class initialized using 'CodeIgniter\Session\Handlers\FileHandler' driver.
INFO - 2024-10-09 02:57:06 --> User found: App\Entities\USer Object
(
    [datamap:protected] => Array
        (
        )

    [dates:protected] => Array
        (
            [0] => created_at
            [1] => updated_at
            [2] => deleted_at
        )

    [casts:protected] => Array
        (
        )

    [castHandlers:protected] => Array
        (
        )

    [defaultCastHandlers:CodeIgniter\Entity\Entity:private] => Array
        (
            [array] => CodeIgniter\Entity\Cast\ArrayCast
            [bool] => CodeIgniter\Entity\Cast\BooleanCast
            [boolean] => CodeIgniter\Entity\Cast\BooleanCast
            [csv] => CodeIgniter\Entity\Cast\CSVCast
            [datetime] => CodeIgniter\Entity\Cast\DatetimeCast
            [double] => CodeIgniter\Entity\Cast\FloatCast
            [float] => CodeIgniter\Entity\Cast\FloatCast
            [int] => CodeIgniter\Entity\Cast\IntegerCast
            [integer] => CodeIgniter\Entity\Cast\IntegerCast
            [int-bool] => CodeIgniter\Entity\Cast\IntBoolCast
            [json] => CodeIgniter\Entity\Cast\JsonCast
            [object] => CodeIgniter\Entity\Cast\ObjectCast
            [string] => CodeIgniter\Entity\Cast\StringCast
            [timestamp] => CodeIgniter\Entity\Cast\TimestampCast
            [uri] => CodeIgniter\Entity\Cast\URICast
        )

    [attributes:protected] => Array
        (
            [id] => 25
            [name] => pruebaq
            [email] => pruebaq@example.com
            [password_hash] => $2y$10$IWUpeqoRs1jErAz3XPeKC.676qCKxFUXd8uWAhL7QnKT8ryRVfft6
            [created_at] => 2024-10-09 02:55:57
            [updated_at] => 2024-10-09 02:55:57
        )

    [original:protected] => Array
        (
            [id] => 25
            [name] => pruebaq
            [email] => pruebaq@example.com
            [password_hash] => $2y$10$IWUpeqoRs1jErAz3XPeKC.676qCKxFUXd8uWAhL7QnKT8ryRVfft6
            [created_at] => 2024-10-09 02:55:57
            [updated_at] => 2024-10-09 02:55:57
        )

    [dataCaster:protected] => CodeIgniter\DataCaster\DataCaster Object
        (
            [types:CodeIgniter\DataCaster\DataCaster:private] => Array
                (
                )

            [castHandlers:CodeIgniter\DataCaster\DataCaster:private] => Array
                (
                    [array] => CodeIgniter\Entity\Cast\ArrayCast
                    [bool] => CodeIgniter\Entity\Cast\BooleanCast
                    [boolean] => CodeIgniter\Entity\Cast\BooleanCast
                    [csv] => CodeIgniter\Entity\Cast\CSVCast
                    [datetime] => CodeIgniter\Entity\Cast\DatetimeCast
                    [double] => CodeIgniter\Entity\Cast\FloatCast
                    [float] => CodeIgniter\Entity\Cast\FloatCast
                    [int] => CodeIgniter\Entity\Cast\IntegerCast
                    [integer] => CodeIgniter\Entity\Cast\IntegerCast
                    [int-bool] => CodeIgniter\Entity\Cast\IntBoolCast
                    [json] => CodeIgniter\Entity\Cast\JsonCast
                    [timestamp] => CodeIgniter\Entity\Cast\TimestampCast
                    [uri] => CodeIgniter\Entity\Cast\URICast
                    [object] => CodeIgniter\Entity\Cast\ObjectCast
                    [string] => CodeIgniter\Entity\Cast\StringCast
                )

            [helper:CodeIgniter\DataCaster\DataCaster:private] => 
            [strict:CodeIgniter\DataCaster\DataCaster:private] => 
        )

    [_cast:CodeIgniter\Entity\Entity:private] => 1
)

INFO - 2024-10-09 02:57:06 --> Session: Class initialized using 'CodeIgniter\Session\Handlers\FileHandler' driver.
INFO - 2024-10-09 02:57:07 --> Session: Class initialized using 'CodeIgniter\Session\Handlers\FileHandler' driver.
INFO - 2024-10-09 02:57:32 --> Session: Class initialized using 'CodeIgniter\Session\Handlers\FileHandler' driver.
INFO - 2024-10-09 02:57:37 --> Session: Class initialized using 'CodeIgniter\Session\Handlers\FileHandler' driver.
INFO - 2024-10-09 02:57:50 --> User found: App\Entities\USer Object
(
    [datamap:protected] => Array
        (
        )

    [dates:protected] => Array
        (
            [0] => created_at
            [1] => updated_at
            [2] => deleted_at
        )

    [casts:protected] => Array
        (
        )

    [castHandlers:protected] => Array
        (
        )

    [defaultCastHandlers:CodeIgniter\Entity\Entity:private] => Array
        (
            [array] => CodeIgniter\Entity\Cast\ArrayCast
            [bool] => CodeIgniter\Entity\Cast\BooleanCast
            [boolean] => CodeIgniter\Entity\Cast\BooleanCast
            [csv] => CodeIgniter\Entity\Cast\CSVCast
            [datetime] => CodeIgniter\Entity\Cast\DatetimeCast
            [double] => CodeIgniter\Entity\Cast\FloatCast
            [float] => CodeIgniter\Entity\Cast\FloatCast
            [int] => CodeIgniter\Entity\Cast\IntegerCast
            [integer] => CodeIgniter\Entity\Cast\IntegerCast
            [int-bool] => CodeIgniter\Entity\Cast\IntBoolCast
            [json] => CodeIgniter\Entity\Cast\JsonCast
            [object] => CodeIgniter\Entity\Cast\ObjectCast
            [string] => CodeIgniter\Entity\Cast\StringCast
            [timestamp] => CodeIgniter\Entity\Cast\TimestampCast
            [uri] => CodeIgniter\Entity\Cast\URICast
        )

    [attributes:protected] => Array
        (
            [id] => 14
            [name] => prueba
            [email] => prueba@example.com
            [password_hash] => $2y$10$CcufUNXWRUsF1XMFIasMt.gwRaBxYzn/ArxMojnBxBVYABWTGFPdm
            [created_at] => 2024-10-08 15:25:38
            [updated_at] => 2024-10-08 15:25:38
        )

    [original:protected] => Array
        (
            [id] => 14
            [name] => prueba
            [email] => prueba@example.com
            [password_hash] => $2y$10$CcufUNXWRUsF1XMFIasMt.gwRaBxYzn/ArxMojnBxBVYABWTGFPdm
            [created_at] => 2024-10-08 15:25:38
            [updated_at] => 2024-10-08 15:25:38
        )

    [dataCaster:protected] => CodeIgniter\DataCaster\DataCaster Object
        (
            [types:CodeIgniter\DataCaster\DataCaster:private] => Array
                (
                )

            [castHandlers:CodeIgniter\DataCaster\DataCaster:private] => Array
                (
                    [array] => CodeIgniter\Entity\Cast\ArrayCast
                    [bool] => CodeIgniter\Entity\Cast\BooleanCast
                    [boolean] => CodeIgniter\Entity\Cast\BooleanCast
                    [csv] => CodeIgniter\Entity\Cast\CSVCast
                    [datetime] => CodeIgniter\Entity\Cast\DatetimeCast
                    [double] => CodeIgniter\Entity\Cast\FloatCast
                    [float] => CodeIgniter\Entity\Cast\FloatCast
                    [int] => CodeIgniter\Entity\Cast\IntegerCast
                    [integer] => CodeIgniter\Entity\Cast\IntegerCast
                    [int-bool] => CodeIgniter\Entity\Cast\IntBoolCast
                    [json] => CodeIgniter\Entity\Cast\JsonCast
                    [timestamp] => CodeIgniter\Entity\Cast\TimestampCast
                    [uri] => CodeIgniter\Entity\Cast\URICast
                    [object] => CodeIgniter\Entity\Cast\ObjectCast
                    [string] => CodeIgniter\Entity\Cast\StringCast
                )

            [helper:CodeIgniter\DataCaster\DataCaster:private] => 
            [strict:CodeIgniter\DataCaster\DataCaster:private] => 
        )

    [_cast:CodeIgniter\Entity\Entity:private] => 1
)

INFO - 2024-10-09 02:57:50 --> Session: Class initialized using 'CodeIgniter\Session\Handlers\FileHandler' driver.
INFO - 2024-10-09 02:57:51 --> Session: Class initialized using 'CodeIgniter\Session\Handlers\FileHandler' driver.
INFO - 2024-10-09 02:58:05 --> User found: App\Entities\USer Object
(
    [datamap:protected] => Array
        (
        )

    [dates:protected] => Array
        (
            [0] => created_at
            [1] => updated_at
            [2] => deleted_at
        )

    [casts:protected] => Array
        (
        )

    [castHandlers:protected] => Array
        (
        )

    [defaultCastHandlers:CodeIgniter\Entity\Entity:private] => Array
        (
            [array] => CodeIgniter\Entity\Cast\ArrayCast
            [bool] => CodeIgniter\Entity\Cast\BooleanCast
            [boolean] => CodeIgniter\Entity\Cast\BooleanCast
            [csv] => CodeIgniter\Entity\Cast\CSVCast
            [datetime] => CodeIgniter\Entity\Cast\DatetimeCast
            [double] => CodeIgniter\Entity\Cast\FloatCast
            [float] => CodeIgniter\Entity\Cast\FloatCast
            [int] => CodeIgniter\Entity\Cast\IntegerCast
            [integer] => CodeIgniter\Entity\Cast\IntegerCast
            [int-bool] => CodeIgniter\Entity\Cast\IntBoolCast
            [json] => CodeIgniter\Entity\Cast\JsonCast
            [object] => CodeIgniter\Entity\Cast\ObjectCast
            [string] => CodeIgniter\Entity\Cast\StringCast
            [timestamp] => CodeIgniter\Entity\Cast\TimestampCast
            [uri] => CodeIgniter\Entity\Cast\URICast
        )

    [attributes:protected] => Array
        (
            [id] => 25
            [name] => pruebaq
            [email] => pruebaq@example.com
            [password_hash] => $2y$10$IWUpeqoRs1jErAz3XPeKC.676qCKxFUXd8uWAhL7QnKT8ryRVfft6
            [created_at] => 2024-10-09 02:55:57
            [updated_at] => 2024-10-09 02:55:57
        )

    [original:protected] => Array
        (
            [id] => 25
            [name] => pruebaq
            [email] => pruebaq@example.com
            [password_hash] => $2y$10$IWUpeqoRs1jErAz3XPeKC.676qCKxFUXd8uWAhL7QnKT8ryRVfft6
            [created_at] => 2024-10-09 02:55:57
            [updated_at] => 2024-10-09 02:55:57
        )

    [dataCaster:protected] => CodeIgniter\DataCaster\DataCaster Object
        (
            [types:CodeIgniter\DataCaster\DataCaster:private] => Array
                (
                )

            [castHandlers:CodeIgniter\DataCaster\DataCaster:private] => Array
                (
                    [array] => CodeIgniter\Entity\Cast\ArrayCast
                    [bool] => CodeIgniter\Entity\Cast\BooleanCast
                    [boolean] => CodeIgniter\Entity\Cast\BooleanCast
                    [csv] => CodeIgniter\Entity\Cast\CSVCast
                    [datetime] => CodeIgniter\Entity\Cast\DatetimeCast
                    [double] => CodeIgniter\Entity\Cast\FloatCast
                    [float] => CodeIgniter\Entity\Cast\FloatCast
                    [int] => CodeIgniter\Entity\Cast\IntegerCast
                    [integer] => CodeIgniter\Entity\Cast\IntegerCast
                    [int-bool] => CodeIgniter\Entity\Cast\IntBoolCast
                    [json] => CodeIgniter\Entity\Cast\JsonCast
                    [timestamp] => CodeIgniter\Entity\Cast\TimestampCast
                    [uri] => CodeIgniter\Entity\Cast\URICast
                    [object] => CodeIgniter\Entity\Cast\ObjectCast
                    [string] => CodeIgniter\Entity\Cast\StringCast
                )

            [helper:CodeIgniter\DataCaster\DataCaster:private] => 
            [strict:CodeIgniter\DataCaster\DataCaster:private] => 
        )

    [_cast:CodeIgniter\Entity\Entity:private] => 1
)

INFO - 2024-10-09 02:58:06 --> Session: Class initialized using 'CodeIgniter\Session\Handlers\FileHandler' driver.
INFO - 2024-10-09 02:58:06 --> Session: Class initialized using 'CodeIgniter\Session\Handlers\FileHandler' driver.
INFO - 2024-10-09 02:58:16 --> Session: Class initialized using 'CodeIgniter\Session\Handlers\FileHandler' driver.
INFO - 2024-10-09 02:58:48 --> User found: App\Entities\USer Object
(
    [datamap:protected] => Array
        (
        )

    [dates:protected] => Array
        (
            [0] => created_at
            [1] => updated_at
            [2] => deleted_at
        )

    [casts:protected] => Array
        (
        )

    [castHandlers:protected] => Array
        (
        )

    [defaultCastHandlers:CodeIgniter\Entity\Entity:private] => Array
        (
            [array] => CodeIgniter\Entity\Cast\ArrayCast
            [bool] => CodeIgniter\Entity\Cast\BooleanCast
            [boolean] => CodeIgniter\Entity\Cast\BooleanCast
            [csv] => CodeIgniter\Entity\Cast\CSVCast
            [datetime] => CodeIgniter\Entity\Cast\DatetimeCast
            [double] => CodeIgniter\Entity\Cast\FloatCast
            [float] => CodeIgniter\Entity\Cast\FloatCast
            [int] => CodeIgniter\Entity\Cast\IntegerCast
            [integer] => CodeIgniter\Entity\Cast\IntegerCast
            [int-bool] => CodeIgniter\Entity\Cast\IntBoolCast
            [json] => CodeIgniter\Entity\Cast\JsonCast
            [object] => CodeIgniter\Entity\Cast\ObjectCast
            [string] => CodeIgniter\Entity\Cast\StringCast
            [timestamp] => CodeIgniter\Entity\Cast\TimestampCast
            [uri] => CodeIgniter\Entity\Cast\URICast
        )

    [attributes:protected] => Array
        (
            [id] => 25
            [name] => pruebaq
            [email] => pruebaq@example.com
            [password_hash] => $2y$10$IWUpeqoRs1jErAz3XPeKC.676qCKxFUXd8uWAhL7QnKT8ryRVfft6
            [created_at] => 2024-10-09 02:55:57
            [updated_at] => 2024-10-09 02:55:57
        )

    [original:protected] => Array
        (
            [id] => 25
            [name] => pruebaq
            [email] => pruebaq@example.com
            [password_hash] => $2y$10$IWUpeqoRs1jErAz3XPeKC.676qCKxFUXd8uWAhL7QnKT8ryRVfft6
            [created_at] => 2024-10-09 02:55:57
            [updated_at] => 2024-10-09 02:55:57
        )

    [dataCaster:protected] => CodeIgniter\DataCaster\DataCaster Object
        (
            [types:CodeIgniter\DataCaster\DataCaster:private] => Array
                (
                )

            [castHandlers:CodeIgniter\DataCaster\DataCaster:private] => Array
                (
                    [array] => CodeIgniter\Entity\Cast\ArrayCast
                    [bool] => CodeIgniter\Entity\Cast\BooleanCast
                    [boolean] => CodeIgniter\Entity\Cast\BooleanCast
                    [csv] => CodeIgniter\Entity\Cast\CSVCast
                    [datetime] => CodeIgniter\Entity\Cast\DatetimeCast
                    [double] => CodeIgniter\Entity\Cast\FloatCast
                    [float] => CodeIgniter\Entity\Cast\FloatCast
                    [int] => CodeIgniter\Entity\Cast\IntegerCast
                    [integer] => CodeIgniter\Entity\Cast\IntegerCast
                    [int-bool] => CodeIgniter\Entity\Cast\IntBoolCast
                    [json] => CodeIgniter\Entity\Cast\JsonCast
                    [timestamp] => CodeIgniter\Entity\Cast\TimestampCast
                    [uri] => CodeIgniter\Entity\Cast\URICast
                    [object] => CodeIgniter\Entity\Cast\ObjectCast
                    [string] => CodeIgniter\Entity\Cast\StringCast
                )

            [helper:CodeIgniter\DataCaster\DataCaster:private] => 
            [strict:CodeIgniter\DataCaster\DataCaster:private] => 
        )

    [_cast:CodeIgniter\Entity\Entity:private] => 1
)

INFO - 2024-10-09 02:58:49 --> Session: Class initialized using 'CodeIgniter\Session\Handlers\FileHandler' driver.
INFO - 2024-10-09 02:58:49 --> Session: Class initialized using 'CodeIgniter\Session\Handlers\FileHandler' driver.
INFO - 2024-10-09 02:59:08 --> Session: Class initialized using 'CodeIgniter\Session\Handlers\FileHandler' driver.
INFO - 2024-10-09 02:59:20 --> User found: App\Entities\USer Object
(
    [datamap:protected] => Array
        (
        )

    [dates:protected] => Array
        (
            [0] => created_at
            [1] => updated_at
            [2] => deleted_at
        )

    [casts:protected] => Array
        (
        )

    [castHandlers:protected] => Array
        (
        )

    [defaultCastHandlers:CodeIgniter\Entity\Entity:private] => Array
        (
            [array] => CodeIgniter\Entity\Cast\ArrayCast
            [bool] => CodeIgniter\Entity\Cast\BooleanCast
            [boolean] => CodeIgniter\Entity\Cast\BooleanCast
            [csv] => CodeIgniter\Entity\Cast\CSVCast
            [datetime] => CodeIgniter\Entity\Cast\DatetimeCast
            [double] => CodeIgniter\Entity\Cast\FloatCast
            [float] => CodeIgniter\Entity\Cast\FloatCast
            [int] => CodeIgniter\Entity\Cast\IntegerCast
            [integer] => CodeIgniter\Entity\Cast\IntegerCast
            [int-bool] => CodeIgniter\Entity\Cast\IntBoolCast
            [json] => CodeIgniter\Entity\Cast\JsonCast
            [object] => CodeIgniter\Entity\Cast\ObjectCast
            [string] => CodeIgniter\Entity\Cast\StringCast
            [timestamp] => CodeIgniter\Entity\Cast\TimestampCast
            [uri] => CodeIgniter\Entity\Cast\URICast
        )

    [attributes:protected] => Array
        (
            [id] => 25
            [name] => pruebaq
            [email] => pruebaq@example.com
            [password_hash] => $2y$10$IWUpeqoRs1jErAz3XPeKC.676qCKxFUXd8uWAhL7QnKT8ryRVfft6
            [created_at] => 2024-10-09 02:55:57
            [updated_at] => 2024-10-09 02:55:57
        )

    [original:protected] => Array
        (
            [id] => 25
            [name] => pruebaq
            [email] => pruebaq@example.com
            [password_hash] => $2y$10$IWUpeqoRs1jErAz3XPeKC.676qCKxFUXd8uWAhL7QnKT8ryRVfft6
            [created_at] => 2024-10-09 02:55:57
            [updated_at] => 2024-10-09 02:55:57
        )

    [dataCaster:protected] => CodeIgniter\DataCaster\DataCaster Object
        (
            [types:CodeIgniter\DataCaster\DataCaster:private] => Array
                (
                )

            [castHandlers:CodeIgniter\DataCaster\DataCaster:private] => Array
                (
                    [array] => CodeIgniter\Entity\Cast\ArrayCast
                    [bool] => CodeIgniter\Entity\Cast\BooleanCast
                    [boolean] => CodeIgniter\Entity\Cast\BooleanCast
                    [csv] => CodeIgniter\Entity\Cast\CSVCast
                    [datetime] => CodeIgniter\Entity\Cast\DatetimeCast
                    [double] => CodeIgniter\Entity\Cast\FloatCast
                    [float] => CodeIgniter\Entity\Cast\FloatCast
                    [int] => CodeIgniter\Entity\Cast\IntegerCast
                    [integer] => CodeIgniter\Entity\Cast\IntegerCast
                    [int-bool] => CodeIgniter\Entity\Cast\IntBoolCast
                    [json] => CodeIgniter\Entity\Cast\JsonCast
                    [timestamp] => CodeIgniter\Entity\Cast\TimestampCast
                    [uri] => CodeIgniter\Entity\Cast\URICast
                    [object] => CodeIgniter\Entity\Cast\ObjectCast
                    [string] => CodeIgniter\Entity\Cast\StringCast
                )

            [helper:CodeIgniter\DataCaster\DataCaster:private] => 
            [strict:CodeIgniter\DataCaster\DataCaster:private] => 
        )

    [_cast:CodeIgniter\Entity\Entity:private] => 1
)

INFO - 2024-10-09 02:59:20 --> Session: Class initialized using 'CodeIgniter\Session\Handlers\FileHandler' driver.
INFO - 2024-10-09 02:59:21 --> Session: Class initialized using 'CodeIgniter\Session\Handlers\FileHandler' driver.
INFO - 2024-10-09 02:59:51 --> User found: App\Entities\USer Object
(
    [datamap:protected] => Array
        (
        )

    [dates:protected] => Array
        (
            [0] => created_at
            [1] => updated_at
            [2] => deleted_at
        )

    [casts:protected] => Array
        (
        )

    [castHandlers:protected] => Array
        (
        )

    [defaultCastHandlers:CodeIgniter\Entity\Entity:private] => Array
        (
            [array] => CodeIgniter\Entity\Cast\ArrayCast
            [bool] => CodeIgniter\Entity\Cast\BooleanCast
            [boolean] => CodeIgniter\Entity\Cast\BooleanCast
            [csv] => CodeIgniter\Entity\Cast\CSVCast
            [datetime] => CodeIgniter\Entity\Cast\DatetimeCast
            [double] => CodeIgniter\Entity\Cast\FloatCast
            [float] => CodeIgniter\Entity\Cast\FloatCast
            [int] => CodeIgniter\Entity\Cast\IntegerCast
            [integer] => CodeIgniter\Entity\Cast\IntegerCast
            [int-bool] => CodeIgniter\Entity\Cast\IntBoolCast
            [json] => CodeIgniter\Entity\Cast\JsonCast
            [object] => CodeIgniter\Entity\Cast\ObjectCast
            [string] => CodeIgniter\Entity\Cast\StringCast
            [timestamp] => CodeIgniter\Entity\Cast\TimestampCast
            [uri] => CodeIgniter\Entity\Cast\URICast
        )

    [attributes:protected] => Array
        (
            [id] => 25
            [name] => pruebaq
            [email] => pruebaq@example.com
            [password_hash] => $2y$10$IWUpeqoRs1jErAz3XPeKC.676qCKxFUXd8uWAhL7QnKT8ryRVfft6
            [created_at] => 2024-10-09 02:55:57
            [updated_at] => 2024-10-09 02:55:57
        )

    [original:protected] => Array
        (
            [id] => 25
            [name] => pruebaq
            [email] => pruebaq@example.com
            [password_hash] => $2y$10$IWUpeqoRs1jErAz3XPeKC.676qCKxFUXd8uWAhL7QnKT8ryRVfft6
            [created_at] => 2024-10-09 02:55:57
            [updated_at] => 2024-10-09 02:55:57
        )

    [dataCaster:protected] => CodeIgniter\DataCaster\DataCaster Object
        (
            [types:CodeIgniter\DataCaster\DataCaster:private] => Array
                (
                )

            [castHandlers:CodeIgniter\DataCaster\DataCaster:private] => Array
                (
                    [array] => CodeIgniter\Entity\Cast\ArrayCast
                    [bool] => CodeIgniter\Entity\Cast\BooleanCast
                    [boolean] => CodeIgniter\Entity\Cast\BooleanCast
                    [csv] => CodeIgniter\Entity\Cast\CSVCast
                    [datetime] => CodeIgniter\Entity\Cast\DatetimeCast
                    [double] => CodeIgniter\Entity\Cast\FloatCast
                    [float] => CodeIgniter\Entity\Cast\FloatCast
                    [int] => CodeIgniter\Entity\Cast\IntegerCast
                    [integer] => CodeIgniter\Entity\Cast\IntegerCast
                    [int-bool] => CodeIgniter\Entity\Cast\IntBoolCast
                    [json] => CodeIgniter\Entity\Cast\JsonCast
                    [timestamp] => CodeIgniter\Entity\Cast\TimestampCast
                    [uri] => CodeIgniter\Entity\Cast\URICast
                    [object] => CodeIgniter\Entity\Cast\ObjectCast
                    [string] => CodeIgniter\Entity\Cast\StringCast
                )

            [helper:CodeIgniter\DataCaster\DataCaster:private] => 
            [strict:CodeIgniter\DataCaster\DataCaster:private] => 
        )

    [_cast:CodeIgniter\Entity\Entity:private] => 1
)

INFO - 2024-10-09 02:59:52 --> Session: Class initialized using 'CodeIgniter\Session\Handlers\FileHandler' driver.
INFO - 2024-10-09 02:59:52 --> Session: Class initialized using 'CodeIgniter\Session\Handlers\FileHandler' driver.
INFO - 2024-10-09 02:59:57 --> Session: Class initialized using 'CodeIgniter\Session\Handlers\FileHandler' driver.
INFO - 2024-10-09 11:28:52 --> Session: Class initialized using 'CodeIgniter\Session\Handlers\FileHandler' driver.
INFO - 2024-10-09 11:29:48 --> Session: Class initialized using 'CodeIgniter\Session\Handlers\FileHandler' driver.
INFO - 2024-10-09 11:30:38 --> Session: Class initialized using 'CodeIgniter\Session\Handlers\FileHandler' driver.
INFO - 2024-10-09 11:30:38 --> Session: Class initialized using 'CodeIgniter\Session\Handlers\FileHandler' driver.
INFO - 2024-10-09 11:45:55 --> Session: Class initialized using 'CodeIgniter\Session\Handlers\FileHandler' driver.
INFO - 2024-10-09 12:29:21 --> Session: Class initialized using 'CodeIgniter\Session\Handlers\FileHandler' driver.
INFO - 2024-10-09 12:29:21 --> Session: Class initialized using 'CodeIgniter\Session\Handlers\FileHandler' driver.
INFO - 2024-10-09 12:29:26 --> Session: Class initialized using 'CodeIgniter\Session\Handlers\FileHandler' driver.
INFO - 2024-10-09 12:30:01 --> Session: Class initialized using 'CodeIgniter\Session\Handlers\FileHandler' driver.
INFO - 2024-10-09 12:31:14 --> Session: Class initialized using 'CodeIgniter\Session\Handlers\FileHandler' driver.
INFO - 2024-10-09 12:31:15 --> Session: Class initialized using 'CodeIgniter\Session\Handlers\FileHandler' driver.
INFO - 2024-10-09 12:32:17 --> Session: Class initialized using 'CodeIgniter\Session\Handlers\FileHandler' driver.
INFO - 2024-10-09 12:34:38 --> Session: Class initialized using 'CodeIgniter\Session\Handlers\FileHandler' driver.
INFO - 2024-10-09 12:34:50 --> Session: Class initialized using 'CodeIgniter\Session\Handlers\FileHandler' driver.
INFO - 2024-10-09 12:36:19 --> Session: Class initialized using 'CodeIgniter\Session\Handlers\FileHandler' driver.
INFO - 2024-10-09 12:39:04 --> Session: Class initialized using 'CodeIgniter\Session\Handlers\FileHandler' driver.
INFO - 2024-10-09 12:42:33 --> Session: Class initialized using 'CodeIgniter\Session\Handlers\FileHandler' driver.
INFO - 2024-10-09 12:47:48 --> Session: Class initialized using 'CodeIgniter\Session\Handlers\FileHandler' driver.
INFO - 2024-10-09 12:48:16 --> Session: Class initialized using 'CodeIgniter\Session\Handlers\FileHandler' driver.
INFO - 2024-10-09 12:48:17 --> Session: Class initialized using 'CodeIgniter\Session\Handlers\FileHandler' driver.
INFO - 2024-10-09 12:48:34 --> Session: Class initialized using 'CodeIgniter\Session\Handlers\FileHandler' driver.
INFO - 2024-10-09 12:48:38 --> Session: Class initialized using 'CodeIgniter\Session\Handlers\FileHandler' driver.
INFO - 2024-10-09 12:48:45 --> Session: Class initialized using 'CodeIgniter\Session\Handlers\FileHandler' driver.
INFO - 2024-10-09 13:15:18 --> Session: Class initialized using 'CodeIgniter\Session\Handlers\FileHandler' driver.
INFO - 2024-10-09 13:15:21 --> Session: Class initialized using 'CodeIgniter\Session\Handlers\FileHandler' driver.
INFO - 2024-10-09 13:15:27 --> Session: Class initialized using 'CodeIgniter\Session\Handlers\FileHandler' driver.
INFO - 2024-10-09 13:15:39 --> Session: Class initialized using 'CodeIgniter\Session\Handlers\FileHandler' driver.
INFO - 2024-10-09 13:15:39 --> Session: Class initialized using 'CodeIgniter\Session\Handlers\FileHandler' driver.
INFO - 2024-10-09 13:15:42 --> Session: Class initialized using 'CodeIgniter\Session\Handlers\FileHandler' driver.
INFO - 2024-10-09 13:29:49 --> Session: Class initialized using 'CodeIgniter\Session\Handlers\FileHandler' driver.
INFO - 2024-10-09 13:33:49 --> Session: Class initialized using 'CodeIgniter\Session\Handlers\FileHandler' driver.
INFO - 2024-10-09 13:36:10 --> Session: Class initialized using 'CodeIgniter\Session\Handlers\FileHandler' driver.
INFO - 2024-10-09 13:52:15 --> Session: Class initialized using 'CodeIgniter\Session\Handlers\FileHandler' driver.
INFO - 2024-10-09 13:57:23 --> Session: Class initialized using 'CodeIgniter\Session\Handlers\FileHandler' driver.
INFO - 2024-10-09 13:57:24 --> Session: Class initialized using 'CodeIgniter\Session\Handlers\FileHandler' driver.
INFO - 2024-10-09 13:57:33 --> Session: Class initialized using 'CodeIgniter\Session\Handlers\FileHandler' driver.
INFO - 2024-10-09 13:57:34 --> Session: Class initialized using 'CodeIgniter\Session\Handlers\FileHandler' driver.
INFO - 2024-10-09 13:57:40 --> Session: Class initialized using 'CodeIgniter\Session\Handlers\FileHandler' driver.
INFO - 2024-10-09 14:06:43 --> Session: Class initialized using 'CodeIgniter\Session\Handlers\FileHandler' driver.
INFO - 2024-10-09 14:06:46 --> Session: Class initialized using 'CodeIgniter\Session\Handlers\FileHandler' driver.
INFO - 2024-10-09 14:06:51 --> Session: Class initialized using 'CodeIgniter\Session\Handlers\FileHandler' driver.
INFO - 2024-10-09 14:07:01 --> Session: Class initialized using 'CodeIgniter\Session\Handlers\FileHandler' driver.
INFO - 2024-10-09 14:07:01 --> Session: Class initialized using 'CodeIgniter\Session\Handlers\FileHandler' driver.
INFO - 2024-10-09 14:07:05 --> Session: Class initialized using 'CodeIgniter\Session\Handlers\FileHandler' driver.
INFO - 2024-10-09 14:07:32 --> Session: Class initialized using 'CodeIgniter\Session\Handlers\FileHandler' driver.
INFO - 2024-10-09 14:08:17 --> Session: Class initialized using 'CodeIgniter\Session\Handlers\FileHandler' driver.
INFO - 2024-10-09 14:09:23 --> Session: Class initialized using 'CodeIgniter\Session\Handlers\FileHandler' driver.
INFO - 2024-10-09 14:09:27 --> Session: Class initialized using 'CodeIgniter\Session\Handlers\FileHandler' driver.
INFO - 2024-10-09 14:09:44 --> Session: Class initialized using 'CodeIgniter\Session\Handlers\FileHandler' driver.
INFO - 2024-10-09 14:26:52 --> Session: Class initialized using 'CodeIgniter\Session\Handlers\FileHandler' driver.
INFO - 2024-10-09 14:26:55 --> Session: Class initialized using 'CodeIgniter\Session\Handlers\FileHandler' driver.
INFO - 2024-10-09 14:27:06 --> Session: Class initialized using 'CodeIgniter\Session\Handlers\FileHandler' driver.
INFO - 2024-10-09 14:27:20 --> Session: Class initialized using 'CodeIgniter\Session\Handlers\FileHandler' driver.
INFO - 2024-10-09 14:30:00 --> Session: Class initialized using 'CodeIgniter\Session\Handlers\FileHandler' driver.
INFO - 2024-10-09 14:30:06 --> Session: Class initialized using 'CodeIgniter\Session\Handlers\FileHandler' driver.
INFO - 2024-10-09 14:30:46 --> Session: Class initialized using 'CodeIgniter\Session\Handlers\FileHandler' driver.
INFO - 2024-10-09 14:30:46 --> Session: Class initialized using 'CodeIgniter\Session\Handlers\FileHandler' driver.
INFO - 2024-10-09 14:31:32 --> Session: Class initialized using 'CodeIgniter\Session\Handlers\FileHandler' driver.
INFO - 2024-10-09 14:31:32 --> Session: Class initialized using 'CodeIgniter\Session\Handlers\FileHandler' driver.
INFO - 2024-10-09 14:31:43 --> Session: Class initialized using 'CodeIgniter\Session\Handlers\FileHandler' driver.
INFO - 2024-10-09 14:31:57 --> Session: Class initialized using 'CodeIgniter\Session\Handlers\FileHandler' driver.
INFO - 2024-10-09 14:32:31 --> Session: Class initialized using 'CodeIgniter\Session\Handlers\FileHandler' driver.
INFO - 2024-10-09 14:33:00 --> Session: Class initialized using 'CodeIgniter\Session\Handlers\FileHandler' driver.
INFO - 2024-10-09 14:33:07 --> Session: Class initialized using 'CodeIgniter\Session\Handlers\FileHandler' driver.
INFO - 2024-10-09 14:33:29 --> Session: Class initialized using 'CodeIgniter\Session\Handlers\FileHandler' driver.
INFO - 2024-10-09 14:33:34 --> Session: Class initialized using 'CodeIgniter\Session\Handlers\FileHandler' driver.
INFO - 2024-10-09 14:33:52 --> Session: Class initialized using 'CodeIgniter\Session\Handlers\FileHandler' driver.
INFO - 2024-10-09 14:33:52 --> Session: Class initialized using 'CodeIgniter\Session\Handlers\FileHandler' driver.
INFO - 2024-10-09 14:33:56 --> Session: Class initialized using 'CodeIgniter\Session\Handlers\FileHandler' driver.
INFO - 2024-10-09 14:34:12 --> Session: Class initialized using 'CodeIgniter\Session\Handlers\FileHandler' driver.
INFO - 2024-10-09 14:34:33 --> Session: Class initialized using 'CodeIgniter\Session\Handlers\FileHandler' driver.
INFO - 2024-10-09 14:34:53 --> Session: Class initialized using 'CodeIgniter\Session\Handlers\FileHandler' driver.
INFO - 2024-10-09 14:34:57 --> Session: Class initialized using 'CodeIgniter\Session\Handlers\FileHandler' driver.
INFO - 2024-10-09 14:35:08 --> Session: Class initialized using 'CodeIgniter\Session\Handlers\FileHandler' driver.
INFO - 2024-10-09 14:35:09 --> Session: Class initialized using 'CodeIgniter\Session\Handlers\FileHandler' driver.
INFO - 2024-10-09 14:35:11 --> Session: Class initialized using 'CodeIgniter\Session\Handlers\FileHandler' driver.
INFO - 2024-10-09 14:35:14 --> Session: Class initialized using 'CodeIgniter\Session\Handlers\FileHandler' driver.
INFO - 2024-10-09 14:35:35 --> Session: Class initialized using 'CodeIgniter\Session\Handlers\FileHandler' driver.
INFO - 2024-10-09 14:35:38 --> Session: Class initialized using 'CodeIgniter\Session\Handlers\FileHandler' driver.
INFO - 2024-10-09 14:36:02 --> Session: Class initialized using 'CodeIgniter\Session\Handlers\FileHandler' driver.
INFO - 2024-10-09 14:36:02 --> Session: Class initialized using 'CodeIgniter\Session\Handlers\FileHandler' driver.
INFO - 2024-10-09 14:36:13 --> Session: Class initialized using 'CodeIgniter\Session\Handlers\FileHandler' driver.
INFO - 2024-10-09 14:36:47 --> Session: Class initialized using 'CodeIgniter\Session\Handlers\FileHandler' driver.
INFO - 2024-10-09 14:36:49 --> Session: Class initialized using 'CodeIgniter\Session\Handlers\FileHandler' driver.
INFO - 2024-10-09 14:37:35 --> Session: Class initialized using 'CodeIgniter\Session\Handlers\FileHandler' driver.
INFO - 2024-10-09 14:37:35 --> Session: Class initialized using 'CodeIgniter\Session\Handlers\FileHandler' driver.
INFO - 2024-10-09 14:37:41 --> Session: Class initialized using 'CodeIgniter\Session\Handlers\FileHandler' driver.
INFO - 2024-10-09 14:37:49 --> Session: Class initialized using 'CodeIgniter\Session\Handlers\FileHandler' driver.
INFO - 2024-10-09 14:38:02 --> Session: Class initialized using 'CodeIgniter\Session\Handlers\FileHandler' driver.
INFO - 2024-10-09 14:38:08 --> Session: Class initialized using 'CodeIgniter\Session\Handlers\FileHandler' driver.
INFO - 2024-10-09 14:38:10 --> Session: Class initialized using 'CodeIgniter\Session\Handlers\FileHandler' driver.
INFO - 2024-10-09 14:38:25 --> Session: Class initialized using 'CodeIgniter\Session\Handlers\FileHandler' driver.
INFO - 2024-10-09 14:38:25 --> Session: Class initialized using 'CodeIgniter\Session\Handlers\FileHandler' driver.
INFO - 2024-10-09 14:38:28 --> Session: Class initialized using 'CodeIgniter\Session\Handlers\FileHandler' driver.
INFO - 2024-10-09 14:38:39 --> Session: Class initialized using 'CodeIgniter\Session\Handlers\FileHandler' driver.
INFO - 2024-10-09 14:39:08 --> Session: Class initialized using 'CodeIgniter\Session\Handlers\FileHandler' driver.
INFO - 2024-10-09 14:53:40 --> Session: Class initialized using 'CodeIgniter\Session\Handlers\FileHandler' driver.
INFO - 2024-10-09 14:53:55 --> Session: Class initialized using 'CodeIgniter\Session\Handlers\FileHandler' driver.
INFO - 2024-10-09 14:53:55 --> Session: Class initialized using 'CodeIgniter\Session\Handlers\FileHandler' driver.
INFO - 2024-10-09 14:53:58 --> Session: Class initialized using 'CodeIgniter\Session\Handlers\FileHandler' driver.
INFO - 2024-10-09 14:54:40 --> Session: Class initialized using 'CodeIgniter\Session\Handlers\FileHandler' driver.
INFO - 2024-10-09 14:54:45 --> Session: Class initialized using 'CodeIgniter\Session\Handlers\FileHandler' driver.
INFO - 2024-10-09 15:11:53 --> Session: Class initialized using 'CodeIgniter\Session\Handlers\FileHandler' driver.
INFO - 2024-10-09 15:11:58 --> Session: Class initialized using 'CodeIgniter\Session\Handlers\FileHandler' driver.
INFO - 2024-10-09 15:12:10 --> Session: Class initialized using 'CodeIgniter\Session\Handlers\FileHandler' driver.
INFO - 2024-10-09 15:12:10 --> Session: Class initialized using 'CodeIgniter\Session\Handlers\FileHandler' driver.
INFO - 2024-10-09 15:12:13 --> Session: Class initialized using 'CodeIgniter\Session\Handlers\FileHandler' driver.
INFO - 2024-10-09 15:12:14 --> Session: Class initialized using 'CodeIgniter\Session\Handlers\FileHandler' driver.
INFO - 2024-10-09 15:12:16 --> Session: Class initialized using 'CodeIgniter\Session\Handlers\FileHandler' driver.
INFO - 2024-10-09 15:12:54 --> Session: Class initialized using 'CodeIgniter\Session\Handlers\FileHandler' driver.
INFO - 2024-10-09 15:13:46 --> Session: Class initialized using 'CodeIgniter\Session\Handlers\FileHandler' driver.
INFO - 2024-10-09 15:14:06 --> Session: Class initialized using 'CodeIgniter\Session\Handlers\FileHandler' driver.
INFO - 2024-10-09 15:43:56 --> Session: Class initialized using 'CodeIgniter\Session\Handlers\FileHandler' driver.
INFO - 2024-10-09 15:44:20 --> Session: Class initialized using 'CodeIgniter\Session\Handlers\FileHandler' driver.
INFO - 2024-10-09 15:44:36 --> Session: Class initialized using 'CodeIgniter\Session\Handlers\FileHandler' driver.
INFO - 2024-10-09 15:44:37 --> Session: Class initialized using 'CodeIgniter\Session\Handlers\FileHandler' driver.
INFO - 2024-10-09 15:44:46 --> Session: Class initialized using 'CodeIgniter\Session\Handlers\FileHandler' driver.
INFO - 2024-10-09 15:44:54 --> Session: Class initialized using 'CodeIgniter\Session\Handlers\FileHandler' driver.
INFO - 2024-10-09 15:44:55 --> Session: Class initialized using 'CodeIgniter\Session\Handlers\FileHandler' driver.
INFO - 2024-10-09 16:03:03 --> Session: Class initialized using 'CodeIgniter\Session\Handlers\FileHandler' driver.
INFO - 2024-10-09 16:03:25 --> Session: Class initialized using 'CodeIgniter\Session\Handlers\FileHandler' driver.
INFO - 2024-10-09 16:03:26 --> Session: Class initialized using 'CodeIgniter\Session\Handlers\FileHandler' driver.
INFO - 2024-10-09 16:03:35 --> Session: Class initialized using 'CodeIgniter\Session\Handlers\FileHandler' driver.
INFO - 2024-10-09 16:03:38 --> Session: Class initialized using 'CodeIgniter\Session\Handlers\FileHandler' driver.
INFO - 2024-10-09 16:04:52 --> Session: Class initialized using 'CodeIgniter\Session\Handlers\FileHandler' driver.
INFO - 2024-10-09 16:04:55 --> Session: Class initialized using 'CodeIgniter\Session\Handlers\FileHandler' driver.
INFO - 2024-10-09 16:05:07 --> Session: Class initialized using 'CodeIgniter\Session\Handlers\FileHandler' driver.
INFO - 2024-10-09 16:05:08 --> Session: Class initialized using 'CodeIgniter\Session\Handlers\FileHandler' driver.
INFO - 2024-10-09 16:05:11 --> Session: Class initialized using 'CodeIgniter\Session\Handlers\FileHandler' driver.
INFO - 2024-10-09 16:08:27 --> Session: Class initialized using 'CodeIgniter\Session\Handlers\FileHandler' driver.
INFO - 2024-10-09 16:08:34 --> Session: Class initialized using 'CodeIgniter\Session\Handlers\FileHandler' driver.
INFO - 2024-10-09 16:08:46 --> Session: Class initialized using 'CodeIgniter\Session\Handlers\FileHandler' driver.
INFO - 2024-10-09 16:08:46 --> Session: Class initialized using 'CodeIgniter\Session\Handlers\FileHandler' driver.
INFO - 2024-10-09 16:08:51 --> Session: Class initialized using 'CodeIgniter\Session\Handlers\FileHandler' driver.
INFO - 2024-10-09 16:08:51 --> Session: Class initialized using 'CodeIgniter\Session\Handlers\FileHandler' driver.
INFO - 2024-10-09 16:09:06 --> Session: Class initialized using 'CodeIgniter\Session\Handlers\FileHandler' driver.
INFO - 2024-10-09 16:09:18 --> Session: Class initialized using 'CodeIgniter\Session\Handlers\FileHandler' driver.
INFO - 2024-10-09 16:09:18 --> Session: Class initialized using 'CodeIgniter\Session\Handlers\FileHandler' driver.
INFO - 2024-10-09 16:09:21 --> Session: Class initialized using 'CodeIgniter\Session\Handlers\FileHandler' driver.
INFO - 2024-10-09 16:09:39 --> Session: Class initialized using 'CodeIgniter\Session\Handlers\FileHandler' driver.
INFO - 2024-10-09 16:09:42 --> Session: Class initialized using 'CodeIgniter\Session\Handlers\FileHandler' driver.
INFO - 2024-10-09 16:09:53 --> Session: Class initialized using 'CodeIgniter\Session\Handlers\FileHandler' driver.
INFO - 2024-10-09 16:09:53 --> Session: Class initialized using 'CodeIgniter\Session\Handlers\FileHandler' driver.
INFO - 2024-10-09 16:09:56 --> Session: Class initialized using 'CodeIgniter\Session\Handlers\FileHandler' driver.
INFO - 2024-10-09 16:10:16 --> Session: Class initialized using 'CodeIgniter\Session\Handlers\FileHandler' driver.
INFO - 2024-10-09 16:10:16 --> Session: Class initialized using 'CodeIgniter\Session\Handlers\FileHandler' driver.
INFO - 2024-10-09 16:10:26 --> Session: Class initialized using 'CodeIgniter\Session\Handlers\FileHandler' driver.
INFO - 2024-10-09 16:10:38 --> Session: Class initialized using 'CodeIgniter\Session\Handlers\FileHandler' driver.
INFO - 2024-10-09 16:10:39 --> Session: Class initialized using 'CodeIgniter\Session\Handlers\FileHandler' driver.
INFO - 2024-10-09 16:10:42 --> Session: Class initialized using 'CodeIgniter\Session\Handlers\FileHandler' driver.
INFO - 2024-10-09 16:10:43 --> Session: Class initialized using 'CodeIgniter\Session\Handlers\FileHandler' driver.
INFO - 2024-10-09 16:10:43 --> Session: Class initialized using 'CodeIgniter\Session\Handlers\FileHandler' driver.
INFO - 2024-10-09 16:11:22 --> Session: Class initialized using 'CodeIgniter\Session\Handlers\FileHandler' driver.
INFO - 2024-10-09 17:08:20 --> Session: Class initialized using 'CodeIgniter\Session\Handlers\FileHandler' driver.
INFO - 2024-10-09 17:08:46 --> Session: Class initialized using 'CodeIgniter\Session\Handlers\FileHandler' driver.
INFO - 2024-10-09 17:23:12 --> Session: Class initialized using 'CodeIgniter\Session\Handlers\FileHandler' driver.
INFO - 2024-10-09 17:24:25 --> Session: Class initialized using 'CodeIgniter\Session\Handlers\FileHandler' driver.
INFO - 2024-10-09 17:24:31 --> Session: Class initialized using 'CodeIgniter\Session\Handlers\FileHandler' driver.
INFO - 2024-10-09 17:37:45 --> Session: Class initialized using 'CodeIgniter\Session\Handlers\FileHandler' driver.
INFO - 2024-10-09 17:38:05 --> Session: Class initialized using 'CodeIgniter\Session\Handlers\FileHandler' driver.
INFO - 2024-10-09 17:38:06 --> Session: Class initialized using 'CodeIgniter\Session\Handlers\FileHandler' driver.
INFO - 2024-10-09 17:38:11 --> Session: Class initialized using 'CodeIgniter\Session\Handlers\FileHandler' driver.
INFO - 2024-10-09 18:25:54 --> Session: Class initialized using 'CodeIgniter\Session\Handlers\FileHandler' driver.
INFO - 2024-10-09 22:50:32 --> Session: Class initialized using 'CodeIgniter\Session\Handlers\FileHandler' driver.
INFO - 2024-10-09 23:08:42 --> Session: Class initialized using 'CodeIgniter\Session\Handlers\FileHandler' driver.
INFO - 2024-10-09 23:08:48 --> Session: Class initialized using 'CodeIgniter\Session\Handlers\FileHandler' driver.
INFO - 2024-10-09 23:09:02 --> Session: Class initialized using 'CodeIgniter\Session\Handlers\FileHandler' driver.
INFO - 2024-10-09 23:19:28 --> Session: Class initialized using 'CodeIgniter\Session\Handlers\FileHandler' driver.
INFO - 2024-10-09 23:19:42 --> Session: Class initialized using 'CodeIgniter\Session\Handlers\FileHandler' driver.
INFO - 2024-10-09 23:19:43 --> Session: Class initialized using 'CodeIgniter\Session\Handlers\FileHandler' driver.
INFO - 2024-10-09 23:20:05 --> Session: Class initialized using 'CodeIgniter\Session\Handlers\FileHandler' driver.
INFO - 2024-10-09 23:20:06 --> Session: Class initialized using 'CodeIgniter\Session\Handlers\FileHandler' driver.
INFO - 2024-10-09 23:23:44 --> Session: Class initialized using 'CodeIgniter\Session\Handlers\FileHandler' driver.
INFO - 2024-10-09 23:23:44 --> Session: Class initialized using 'CodeIgniter\Session\Handlers\FileHandler' driver.
INFO - 2024-10-09 23:23:50 --> Session: Class initialized using 'CodeIgniter\Session\Handlers\FileHandler' driver.
INFO - 2024-10-09 23:23:50 --> Session: Class initialized using 'CodeIgniter\Session\Handlers\FileHandler' driver.
INFO - 2024-10-09 23:23:56 --> Session: Class initialized using 'CodeIgniter\Session\Handlers\FileHandler' driver.
INFO - 2024-10-09 23:23:56 --> Session: Class initialized using 'CodeIgniter\Session\Handlers\FileHandler' driver.
INFO - 2024-10-09 23:24:04 --> Session: Class initialized using 'CodeIgniter\Session\Handlers\FileHandler' driver.
INFO - 2024-10-09 23:24:07 --> Session: Class initialized using 'CodeIgniter\Session\Handlers\FileHandler' driver.
INFO - 2024-10-09 23:24:07 --> Session: Class initialized using 'CodeIgniter\Session\Handlers\FileHandler' driver.
INFO - 2024-10-09 23:24:12 --> Session: Class initialized using 'CodeIgniter\Session\Handlers\FileHandler' driver.
INFO - 2024-10-09 23:24:12 --> Session: Class initialized using 'CodeIgniter\Session\Handlers\FileHandler' driver.
INFO - 2024-10-09 23:24:18 --> Session: Class initialized using 'CodeIgniter\Session\Handlers\FileHandler' driver.
INFO - 2024-10-09 23:24:23 --> Session: Class initialized using 'CodeIgniter\Session\Handlers\FileHandler' driver.
INFO - 2024-10-09 23:24:23 --> Session: Class initialized using 'CodeIgniter\Session\Handlers\FileHandler' driver.
INFO - 2024-10-09 23:25:06 --> Session: Class initialized using 'CodeIgniter\Session\Handlers\FileHandler' driver.
INFO - 2024-10-09 23:25:10 --> Session: Class initialized using 'CodeIgniter\Session\Handlers\FileHandler' driver.
INFO - 2024-10-09 23:25:37 --> Session: Class initialized using 'CodeIgniter\Session\Handlers\FileHandler' driver.
INFO - 2024-10-09 23:25:37 --> Session: Class initialized using 'CodeIgniter\Session\Handlers\FileHandler' driver.
INFO - 2024-10-09 23:25:44 --> Session: Class initialized using 'CodeIgniter\Session\Handlers\FileHandler' driver.
INFO - 2024-10-09 23:25:44 --> Session: Class initialized using 'CodeIgniter\Session\Handlers\FileHandler' driver.
INFO - 2024-10-09 23:35:21 --> Session: Class initialized using 'CodeIgniter\Session\Handlers\FileHandler' driver.
INFO - 2024-10-09 23:35:26 --> Session: Class initialized using 'CodeIgniter\Session\Handlers\FileHandler' driver.
INFO - 2024-10-09 23:35:26 --> Session: Class initialized using 'CodeIgniter\Session\Handlers\FileHandler' driver.
INFO - 2024-10-09 23:35:33 --> Session: Class initialized using 'CodeIgniter\Session\Handlers\FileHandler' driver.
INFO - 2024-10-09 23:35:42 --> Session: Class initialized using 'CodeIgniter\Session\Handlers\FileHandler' driver.
INFO - 2024-10-09 23:35:42 --> Session: Class initialized using 'CodeIgniter\Session\Handlers\FileHandler' driver.
INFO - 2024-10-09 23:35:47 --> Session: Class initialized using 'CodeIgniter\Session\Handlers\FileHandler' driver.
INFO - 2024-10-09 23:35:48 --> Session: Class initialized using 'CodeIgniter\Session\Handlers\FileHandler' driver.
INFO - 2024-10-09 23:36:55 --> Session: Class initialized using 'CodeIgniter\Session\Handlers\FileHandler' driver.
INFO - 2024-10-09 23:44:58 --> Session: Class initialized using 'CodeIgniter\Session\Handlers\FileHandler' driver.
INFO - 2024-10-09 23:45:15 --> Session: Class initialized using 'CodeIgniter\Session\Handlers\FileHandler' driver.
INFO - 2024-10-09 23:45:23 --> Session: Class initialized using 'CodeIgniter\Session\Handlers\FileHandler' driver.
INFO - 2024-10-09 23:45:23 --> Session: Class initialized using 'CodeIgniter\Session\Handlers\FileHandler' driver.
INFO - 2024-10-09 23:45:26 --> Session: Class initialized using 'CodeIgniter\Session\Handlers\FileHandler' driver.
INFO - 2024-10-09 23:48:27 --> Session: Class initialized using 'CodeIgniter\Session\Handlers\FileHandler' driver.
INFO - 2024-10-09 23:48:37 --> Session: Class initialized using 'CodeIgniter\Session\Handlers\FileHandler' driver.
INFO - 2024-10-09 23:48:37 --> Session: Class initialized using 'CodeIgniter\Session\Handlers\FileHandler' driver.
INFO - 2024-10-09 23:48:41 --> Session: Class initialized using 'CodeIgniter\Session\Handlers\FileHandler' driver.
