ERROR - 2024-10-16 00:10:04 --> Email: sendWithSmtp throwed ErrorException: stream_socket_enable_crypto(): SSL operation failed with code 1. OpenSSL Error messages:
error:1416F086:SSL routines:tls_process_server_certificate:certificate verify failed in C:\xampp\htdocs\proyecto\system\Email\Email.php:1922
Stack trace:
#0 [internal function]: CodeIgniter\Debug\Exceptions->errorHandler(2, 'stream_socket_e...', 'C:\\xampp\\htdocs...', 1922)
#1 C:\xampp\htdocs\proyecto\system\Email\Email.php(1922): stream_socket_enable_crypto(Resource id #154, true, 121)
#2 C:\xampp\htdocs\proyecto\system\Email\Email.php(1809): CodeIgniter\Email\Email->SMTPConnect()
#3 C:\xampp\htdocs\proyecto\system\Email\Email.php(1694): CodeIgniter\Email\Email->sendWithSmtp()
#4 C:\xampp\htdocs\proyecto\system\Email\Email.php(1589): CodeIgniter\Email\Email->spoolEmail()
#5 C:\xampp\htdocs\proyecto\app\Controllers\home.php(18): CodeIgniter\Email\Email->send()
#6 C:\xampp\htdocs\proyecto\system\CodeIgniter.php(933): App\Controllers\home->testEmail()
#7 C:\xampp\htdocs\proyecto\system\CodeIgniter.php(509): CodeIgniter\CodeIgniter->runController(Object(App\Controllers\home))
#8 C:\xampp\htdocs\proyecto\system\CodeIgniter.php(355): CodeIgniter\CodeIgniter->handleRequest(NULL, Object(Config\Cache), false)
#9 C:\xampp\htdocs\proyecto\system\Boot.php(325): CodeIgniter\CodeIgniter->run()
#10 C:\xampp\htdocs\proyecto\system\Boot.php(67): CodeIgniter\Boot::runCodeIgniter(Object(CodeIgniter\CodeIgniter))
#11 C:\xampp\htdocs\proyecto\public\index.php(56): CodeIgniter\Boot::bootWeb(Object(Config\Paths))
#12 {main}
ERROR - 2024-10-16 00:10:04 --> Email: Unable to send email using SMTP. Your server might not be configured to send mail using this method.
ERROR - 2024-10-16 00:10:04 --> 220 smtp.gmail.com ESMTP a1e0cc1a2514c-85031b11f7csm408754241.31 - gsmtp

hello: 250-smtp.gmail.com at your service, [2803:d100:e7a0:2b2:6821:c14c:e05f:5008]
250-SIZE 35882577
250-8BITMIME
250-STARTTLS
250-ENHANCEDSTATUSCODES
250-PIPELINING
250 SMTPUTF8

starttls: 220 2.0.0 Ready to start TLS

ERROR - 2024-10-16 00:28:33 --> Email: sendWithSmtp throwed ErrorException: stream_socket_enable_crypto(): SSL operation failed with code 1. OpenSSL Error messages:
error:1416F086:SSL routines:tls_process_server_certificate:certificate verify failed in C:\xampp\htdocs\proyecto\system\Email\Email.php:1922
Stack trace:
#0 [internal function]: CodeIgniter\Debug\Exceptions->errorHandler(2, 'stream_socket_e...', 'C:\\xampp\\htdocs...', 1922)
#1 C:\xampp\htdocs\proyecto\system\Email\Email.php(1922): stream_socket_enable_crypto(Resource id #152, true, 121)
#2 C:\xampp\htdocs\proyecto\system\Email\Email.php(1809): CodeIgniter\Email\Email->SMTPConnect()
#3 C:\xampp\htdocs\proyecto\system\Email\Email.php(1694): CodeIgniter\Email\Email->sendWithSmtp()
#4 C:\xampp\htdocs\proyecto\system\Email\Email.php(1589): CodeIgniter\Email\Email->spoolEmail()
#5 C:\xampp\htdocs\proyecto\app\Controllers\home.php(18): CodeIgniter\Email\Email->send()
#6 C:\xampp\htdocs\proyecto\system\CodeIgniter.php(933): App\Controllers\home->testEmail()
#7 C:\xampp\htdocs\proyecto\system\CodeIgniter.php(509): CodeIgniter\CodeIgniter->runController(Object(App\Controllers\home))
#8 C:\xampp\htdocs\proyecto\system\CodeIgniter.php(355): CodeIgniter\CodeIgniter->handleRequest(NULL, Object(Config\Cache), false)
#9 C:\xampp\htdocs\proyecto\system\Boot.php(325): CodeIgniter\CodeIgniter->run()
#10 C:\xampp\htdocs\proyecto\system\Boot.php(67): CodeIgniter\Boot::runCodeIgniter(Object(CodeIgniter\CodeIgniter))
#11 C:\xampp\htdocs\proyecto\public\index.php(56): CodeIgniter\Boot::bootWeb(Object(Config\Paths))
#12 {main}
ERROR - 2024-10-16 00:28:33 --> Email: Unable to send email using SMTP. Your server might not be configured to send mail using this method.
ERROR - 2024-10-16 00:28:33 --> 220 smtp.gmail.com ESMTP 71dfb90a1353d-50d7aff0b2esm423072e0c.23 - gsmtp

hello: 250-smtp.gmail.com at your service, [2803:d100:e7a0:2b2:6821:c14c:e05f:5008]
250-SIZE 35882577
250-8BITMIME
250-STARTTLS
250-ENHANCEDSTATUSCODES
250-PIPELINING
250 SMTPUTF8

starttls: 220 2.0.0 Ready to start TLS

ERROR - 2024-10-16 01:11:58 --> Email: sendWithSmtp throwed ErrorException: stream_socket_enable_crypto(): SSL operation failed with code 1. OpenSSL Error messages:
error:1416F086:SSL routines:tls_process_server_certificate:certificate verify failed in C:\xampp\htdocs\proyecto\system\Email\Email.php:1922
Stack trace:
#0 [internal function]: CodeIgniter\Debug\Exceptions->errorHandler(2, 'stream_socket_e...', 'C:\\xampp\\htdocs...', 1922)
#1 C:\xampp\htdocs\proyecto\system\Email\Email.php(1922): stream_socket_enable_crypto(Resource id #152, true, 121)
#2 C:\xampp\htdocs\proyecto\system\Email\Email.php(1809): CodeIgniter\Email\Email->SMTPConnect()
#3 C:\xampp\htdocs\proyecto\system\Email\Email.php(1694): CodeIgniter\Email\Email->sendWithSmtp()
#4 C:\xampp\htdocs\proyecto\system\Email\Email.php(1589): CodeIgniter\Email\Email->spoolEmail()
#5 C:\xampp\htdocs\proyecto\app\Controllers\home.php(18): CodeIgniter\Email\Email->send()
#6 C:\xampp\htdocs\proyecto\system\CodeIgniter.php(933): App\Controllers\home->testEmail()
#7 C:\xampp\htdocs\proyecto\system\CodeIgniter.php(509): CodeIgniter\CodeIgniter->runController(Object(App\Controllers\home))
#8 C:\xampp\htdocs\proyecto\system\CodeIgniter.php(355): CodeIgniter\CodeIgniter->handleRequest(NULL, Object(Config\Cache), false)
#9 C:\xampp\htdocs\proyecto\system\Boot.php(325): CodeIgniter\CodeIgniter->run()
#10 C:\xampp\htdocs\proyecto\system\Boot.php(67): CodeIgniter\Boot::runCodeIgniter(Object(CodeIgniter\CodeIgniter))
#11 C:\xampp\htdocs\proyecto\public\index.php(56): CodeIgniter\Boot::bootWeb(Object(Config\Paths))
#12 {main}
ERROR - 2024-10-16 01:11:58 --> Email: Unable to send email using SMTP. Your server might not be configured to send mail using this method.
ERROR - 2024-10-16 01:11:58 --> 220 smtp.gmail.com ESMTP a1e0cc1a2514c-8503185a3aasm434590241.20 - gsmtp

hello: 250-smtp.gmail.com at your service, [2803:d100:e7a0:2b2:6821:c14c:e05f:5008]
250-SIZE 35882577
250-8BITMIME
250-STARTTLS
250-ENHANCEDSTATUSCODES
250-PIPELINING
250 SMTPUTF8

starttls: 220 2.0.0 Ready to start TLS

ERROR - 2024-10-16 01:14:17 --> Email: sendWithSmtp throwed ErrorException: stream_socket_enable_crypto(): SSL operation failed with code 1. OpenSSL Error messages:
error:1416F086:SSL routines:tls_process_server_certificate:certificate verify failed in C:\xampp\htdocs\proyecto\system\Email\Email.php:1922
Stack trace:
#0 [internal function]: CodeIgniter\Debug\Exceptions->errorHandler(2, 'stream_socket_e...', 'C:\\xampp\\htdocs...', 1922)
#1 C:\xampp\htdocs\proyecto\system\Email\Email.php(1922): stream_socket_enable_crypto(Resource id #152, true, 121)
#2 C:\xampp\htdocs\proyecto\system\Email\Email.php(1809): CodeIgniter\Email\Email->SMTPConnect()
#3 C:\xampp\htdocs\proyecto\system\Email\Email.php(1694): CodeIgniter\Email\Email->sendWithSmtp()
#4 C:\xampp\htdocs\proyecto\system\Email\Email.php(1589): CodeIgniter\Email\Email->spoolEmail()
#5 C:\xampp\htdocs\proyecto\app\Controllers\home.php(18): CodeIgniter\Email\Email->send()
#6 C:\xampp\htdocs\proyecto\system\CodeIgniter.php(933): App\Controllers\home->testEmail()
#7 C:\xampp\htdocs\proyecto\system\CodeIgniter.php(509): CodeIgniter\CodeIgniter->runController(Object(App\Controllers\home))
#8 C:\xampp\htdocs\proyecto\system\CodeIgniter.php(355): CodeIgniter\CodeIgniter->handleRequest(NULL, Object(Config\Cache), false)
#9 C:\xampp\htdocs\proyecto\system\Boot.php(325): CodeIgniter\CodeIgniter->run()
#10 C:\xampp\htdocs\proyecto\system\Boot.php(67): CodeIgniter\Boot::runCodeIgniter(Object(CodeIgniter\CodeIgniter))
#11 C:\xampp\htdocs\proyecto\public\index.php(56): CodeIgniter\Boot::bootWeb(Object(Config\Paths))
#12 {main}
ERROR - 2024-10-16 01:14:17 --> Email: Unable to send email using SMTP. Your server might not be configured to send mail using this method.
ERROR - 2024-10-16 01:14:17 --> 220 smtp.gmail.com ESMTP a1e0cc1a2514c-85031868529sm444051241.21 - gsmtp

hello: 250-smtp.gmail.com at your service, [2803:d100:e7a0:2b2:6821:c14c:e05f:5008]
250-SIZE 35882577
250-8BITMIME
250-STARTTLS
250-ENHANCEDSTATUSCODES
250-PIPELINING
250 SMTPUTF8

starttls: 220 2.0.0 Ready to start TLS

ERROR - 2024-10-16 01:15:10 --> Email: sendWithSmtp throwed ErrorException: stream_socket_enable_crypto(): SSL operation failed with code 1. OpenSSL Error messages:
error:1416F086:SSL routines:tls_process_server_certificate:certificate verify failed in C:\xampp\htdocs\proyecto\system\Email\Email.php:1922
Stack trace:
#0 [internal function]: CodeIgniter\Debug\Exceptions->errorHandler(2, 'stream_socket_e...', 'C:\\xampp\\htdocs...', 1922)
#1 C:\xampp\htdocs\proyecto\system\Email\Email.php(1922): stream_socket_enable_crypto(Resource id #152, true, 121)
#2 C:\xampp\htdocs\proyecto\system\Email\Email.php(1809): CodeIgniter\Email\Email->SMTPConnect()
#3 C:\xampp\htdocs\proyecto\system\Email\Email.php(1694): CodeIgniter\Email\Email->sendWithSmtp()
#4 C:\xampp\htdocs\proyecto\system\Email\Email.php(1589): CodeIgniter\Email\Email->spoolEmail()
#5 C:\xampp\htdocs\proyecto\app\Controllers\home.php(18): CodeIgniter\Email\Email->send()
#6 C:\xampp\htdocs\proyecto\system\CodeIgniter.php(933): App\Controllers\home->testEmail()
#7 C:\xampp\htdocs\proyecto\system\CodeIgniter.php(509): CodeIgniter\CodeIgniter->runController(Object(App\Controllers\home))
#8 C:\xampp\htdocs\proyecto\system\CodeIgniter.php(355): CodeIgniter\CodeIgniter->handleRequest(NULL, Object(Config\Cache), false)
#9 C:\xampp\htdocs\proyecto\system\Boot.php(325): CodeIgniter\CodeIgniter->run()
#10 C:\xampp\htdocs\proyecto\system\Boot.php(67): CodeIgniter\Boot::runCodeIgniter(Object(CodeIgniter\CodeIgniter))
#11 C:\xampp\htdocs\proyecto\public\index.php(56): CodeIgniter\Boot::bootWeb(Object(Config\Paths))
#12 {main}
ERROR - 2024-10-16 01:15:10 --> Email: Unable to send email using SMTP. Your server might not be configured to send mail using this method.
ERROR - 2024-10-16 01:15:10 --> 220 smtp.gmail.com ESMTP 71dfb90a1353d-50d7adda49bsm427002e0c.13 - gsmtp

hello: 250-smtp.gmail.com at your service, [2803:d100:e7a0:2b2:6821:c14c:e05f:5008]
250-SIZE 35882577
250-8BITMIME
250-STARTTLS
250-ENHANCEDSTATUSCODES
250-PIPELINING
250 SMTPUTF8

starttls: 220 2.0.0 Ready to start TLS

ERROR - 2024-10-16 02:27:49 --> Email: sendWithSmtp throwed ErrorException: stream_socket_enable_crypto(): SSL operation failed with code 1. OpenSSL Error messages:
error:1416F086:SSL routines:tls_process_server_certificate:certificate verify failed in C:\xampp\htdocs\proyecto\system\Email\Email.php:1922
Stack trace:
#0 [internal function]: CodeIgniter\Debug\Exceptions->errorHandler(2, 'stream_socket_e...', 'C:\\xampp\\htdocs...', 1922)
#1 C:\xampp\htdocs\proyecto\system\Email\Email.php(1922): stream_socket_enable_crypto(Resource id #154, true, 121)
#2 C:\xampp\htdocs\proyecto\system\Email\Email.php(1809): CodeIgniter\Email\Email->SMTPConnect()
#3 C:\xampp\htdocs\proyecto\system\Email\Email.php(1694): CodeIgniter\Email\Email->sendWithSmtp()
#4 C:\xampp\htdocs\proyecto\system\Email\Email.php(1589): CodeIgniter\Email\Email->spoolEmail()
#5 C:\xampp\htdocs\proyecto\app\Controllers\home.php(18): CodeIgniter\Email\Email->send()
#6 C:\xampp\htdocs\proyecto\system\CodeIgniter.php(933): App\Controllers\home->testEmail()
#7 C:\xampp\htdocs\proyecto\system\CodeIgniter.php(509): CodeIgniter\CodeIgniter->runController(Object(App\Controllers\home))
#8 C:\xampp\htdocs\proyecto\system\CodeIgniter.php(355): CodeIgniter\CodeIgniter->handleRequest(NULL, Object(Config\Cache), false)
#9 C:\xampp\htdocs\proyecto\system\Boot.php(325): CodeIgniter\CodeIgniter->run()
#10 C:\xampp\htdocs\proyecto\system\Boot.php(67): CodeIgniter\Boot::runCodeIgniter(Object(CodeIgniter\CodeIgniter))
#11 C:\xampp\htdocs\proyecto\public\index.php(56): CodeIgniter\Boot::bootWeb(Object(Config\Paths))
#12 {main}
ERROR - 2024-10-16 02:27:49 --> Email: Unable to send email using SMTP. Your server might not be configured to send mail using this method.
ERROR - 2024-10-16 02:27:49 --> 220 smtp.gmail.com ESMTP ada2fe7eead31-4a5acf07f91sm493329137.31 - gsmtp

hello: 250-smtp.gmail.com at your service, [2803:d100:e7a0:2b2:6821:c14c:e05f:5008]
250-SIZE 35882577
250-8BITMIME
250-STARTTLS
250-ENHANCEDSTATUSCODES
250-PIPELINING
250 SMTPUTF8

starttls: 220 2.0.0 Ready to start TLS

ERROR - 2024-10-16 02:27:54 --> Email: sendWithSmtp throwed ErrorException: stream_socket_enable_crypto(): SSL operation failed with code 1. OpenSSL Error messages:
error:1416F086:SSL routines:tls_process_server_certificate:certificate verify failed in C:\xampp\htdocs\proyecto\system\Email\Email.php:1922
Stack trace:
#0 [internal function]: CodeIgniter\Debug\Exceptions->errorHandler(2, 'stream_socket_e...', 'C:\\xampp\\htdocs...', 1922)
#1 C:\xampp\htdocs\proyecto\system\Email\Email.php(1922): stream_socket_enable_crypto(Resource id #152, true, 121)
#2 C:\xampp\htdocs\proyecto\system\Email\Email.php(1809): CodeIgniter\Email\Email->SMTPConnect()
#3 C:\xampp\htdocs\proyecto\system\Email\Email.php(1694): CodeIgniter\Email\Email->sendWithSmtp()
#4 C:\xampp\htdocs\proyecto\system\Email\Email.php(1589): CodeIgniter\Email\Email->spoolEmail()
#5 C:\xampp\htdocs\proyecto\app\Controllers\home.php(18): CodeIgniter\Email\Email->send()
#6 C:\xampp\htdocs\proyecto\system\CodeIgniter.php(933): App\Controllers\home->testEmail()
#7 C:\xampp\htdocs\proyecto\system\CodeIgniter.php(509): CodeIgniter\CodeIgniter->runController(Object(App\Controllers\home))
#8 C:\xampp\htdocs\proyecto\system\CodeIgniter.php(355): CodeIgniter\CodeIgniter->handleRequest(NULL, Object(Config\Cache), false)
#9 C:\xampp\htdocs\proyecto\system\Boot.php(325): CodeIgniter\CodeIgniter->run()
#10 C:\xampp\htdocs\proyecto\system\Boot.php(67): CodeIgniter\Boot::runCodeIgniter(Object(CodeIgniter\CodeIgniter))
#11 C:\xampp\htdocs\proyecto\public\index.php(56): CodeIgniter\Boot::bootWeb(Object(Config\Paths))
#12 {main}
ERROR - 2024-10-16 02:27:54 --> Email: Unable to send email using SMTP. Your server might not be configured to send mail using this method.
ERROR - 2024-10-16 02:27:54 --> 220 smtp.gmail.com ESMTP 71dfb90a1353d-50d7adda49bsm439665e0c.13 - gsmtp

hello: 250-smtp.gmail.com at your service, [2803:d100:e7a0:2b2:6821:c14c:e05f:5008]
250-SIZE 35882577
250-8BITMIME
250-STARTTLS
250-ENHANCEDSTATUSCODES
250-PIPELINING
250 SMTPUTF8

starttls: 220 2.0.0 Ready to start TLS

INFO - 2024-10-16 15:34:34 --> Session: Class initialized using 'CodeIgniter\Session\Handlers\FileHandler' driver.
INFO - 2024-10-16 15:35:03 --> Session: Class initialized using 'CodeIgniter\Session\Handlers\FileHandler' driver.
INFO - 2024-10-16 15:35:25 --> Session: Class initialized using 'CodeIgniter\Session\Handlers\FileHandler' driver.
ERROR - 2024-10-16 15:35:36 --> Email: sendWithSmtp throwed ErrorException: stream_socket_enable_crypto(): SSL operation failed with code 1. OpenSSL Error messages:
error:1416F086:SSL routines:tls_process_server_certificate:certificate verify failed in C:\xampp\htdocs\proyecto\system\Email\Email.php:1922
Stack trace:
#0 [internal function]: CodeIgniter\Debug\Exceptions->errorHandler(2, 'stream_socket_e...', 'C:\\xampp\\htdocs...', 1922)
#1 C:\xampp\htdocs\proyecto\system\Email\Email.php(1922): stream_socket_enable_crypto(Resource id #152, true, 121)
#2 C:\xampp\htdocs\proyecto\system\Email\Email.php(1809): CodeIgniter\Email\Email->SMTPConnect()
#3 C:\xampp\htdocs\proyecto\system\Email\Email.php(1694): CodeIgniter\Email\Email->sendWithSmtp()
#4 C:\xampp\htdocs\proyecto\system\Email\Email.php(1589): CodeIgniter\Email\Email->spoolEmail()
#5 C:\xampp\htdocs\proyecto\app\Controllers\home.php(18): CodeIgniter\Email\Email->send()
#6 C:\xampp\htdocs\proyecto\system\CodeIgniter.php(933): App\Controllers\home->testEmail()
#7 C:\xampp\htdocs\proyecto\system\CodeIgniter.php(509): CodeIgniter\CodeIgniter->runController(Object(App\Controllers\home))
#8 C:\xampp\htdocs\proyecto\system\CodeIgniter.php(355): CodeIgniter\CodeIgniter->handleRequest(NULL, Object(Config\Cache), false)
#9 C:\xampp\htdocs\proyecto\system\Boot.php(325): CodeIgniter\CodeIgniter->run()
#10 C:\xampp\htdocs\proyecto\system\Boot.php(67): CodeIgniter\Boot::runCodeIgniter(Object(CodeIgniter\CodeIgniter))
#11 C:\xampp\htdocs\proyecto\public\index.php(56): CodeIgniter\Boot::bootWeb(Object(Config\Paths))
#12 {main}
ERROR - 2024-10-16 15:35:36 --> Email: Unable to send email using SMTP. Your server might not be configured to send mail using this method.
ERROR - 2024-10-16 15:35:36 --> 220 smtp.gmail.com ESMTP ada2fe7eead31-4a5acc48674sm654029137.10 - gsmtp

hello: 250-smtp.gmail.com at your service, [2803:d100:e7a0:2b2:5982:fafb:90ab:96dc]
250-SIZE 35882577
250-8BITMIME
250-STARTTLS
250-ENHANCEDSTATUSCODES
250-PIPELINING
250 SMTPUTF8

starttls: 220 2.0.0 Ready to start TLS

INFO - 2024-10-16 15:41:12 --> Session: Class initialized using 'CodeIgniter\Session\Handlers\FileHandler' driver.
ERROR - 2024-10-16 15:41:24 --> Email: sendWithSmtp throwed ErrorException: stream_socket_enable_crypto(): SSL operation failed with code 1. OpenSSL Error messages:
error:1416F086:SSL routines:tls_process_server_certificate:certificate verify failed in C:\xampp\htdocs\proyecto\system\Email\Email.php:1922
Stack trace:
#0 [internal function]: CodeIgniter\Debug\Exceptions->errorHandler(2, 'stream_socket_e...', 'C:\\xampp\\htdocs...', 1922)
#1 C:\xampp\htdocs\proyecto\system\Email\Email.php(1922): stream_socket_enable_crypto(Resource id #152, true, 121)
#2 C:\xampp\htdocs\proyecto\system\Email\Email.php(1809): CodeIgniter\Email\Email->SMTPConnect()
#3 C:\xampp\htdocs\proyecto\system\Email\Email.php(1694): CodeIgniter\Email\Email->sendWithSmtp()
#4 C:\xampp\htdocs\proyecto\system\Email\Email.php(1589): CodeIgniter\Email\Email->spoolEmail()
#5 C:\xampp\htdocs\proyecto\app\Controllers\home.php(18): CodeIgniter\Email\Email->send()
#6 C:\xampp\htdocs\proyecto\system\CodeIgniter.php(933): App\Controllers\home->testEmail()
#7 C:\xampp\htdocs\proyecto\system\CodeIgniter.php(509): CodeIgniter\CodeIgniter->runController(Object(App\Controllers\home))
#8 C:\xampp\htdocs\proyecto\system\CodeIgniter.php(355): CodeIgniter\CodeIgniter->handleRequest(NULL, Object(Config\Cache), false)
#9 C:\xampp\htdocs\proyecto\system\Boot.php(325): CodeIgniter\CodeIgniter->run()
#10 C:\xampp\htdocs\proyecto\system\Boot.php(67): CodeIgniter\Boot::runCodeIgniter(Object(CodeIgniter\CodeIgniter))
#11 C:\xampp\htdocs\proyecto\public\index.php(56): CodeIgniter\Boot::bootWeb(Object(Config\Paths))
#12 {main}
ERROR - 2024-10-16 15:41:24 --> Email: Unable to send email using SMTP. Your server might not be configured to send mail using this method.
ERROR - 2024-10-16 15:41:24 --> 220 smtp.gmail.com ESMTP 71dfb90a1353d-50d7b2a20a8sm657701e0c.34 - gsmtp

hello: 250-smtp.gmail.com at your service, [2803:d100:e7a0:2b2:5982:fafb:90ab:96dc]
250-SIZE 35882577
250-8BITMIME
250-STARTTLS
250-ENHANCEDSTATUSCODES
250-PIPELINING
250 SMTPUTF8

starttls: 220 2.0.0 Ready to start TLS

INFO - 2024-10-16 20:06:53 --> Session: Class initialized using 'CodeIgniter\Session\Handlers\FileHandler' driver.
